<testsuites id="" name="" tests="50" failures="3" skipped="3" errors="0" time="117.795657">
<testsuite name="Fixture-LambdaTest/loginLambdaTestFixture.spec.ts" timestamp="2025-02-15T05:38:38.929Z" hostname="chrome:latest:MacOS Catalina@lambdatest" tests="1" failures="1" skipped="0" time="2.584" errors="0">
<testcase name="Login › Login with valid user load inventory page" classname="Fixture-LambdaTest/loginLambdaTestFixture.spec.ts" time="2.584">
<failure message="loginLambdaTestFixture.spec.ts:9:9 Login with valid user load inventory page" type="FAILURE">
<![CDATA[  [chrome:latest:MacOS Catalina@lambdatest] › Fixture-LambdaTest/loginLambdaTestFixture.spec.ts:9:9 › Login › Login with valid user load inventory page @Fixture 

    Internal Server Error: browserType.connect: Internal Server Error

       at ../fixtures/lambdaTestFixture.ts:54

      52 |                 `${testInfo.title} - ${fileName}`
      53 |             );
    > 54 |             const browser = await chromium.connect(`wss://cdp.lambdatest.com/playwright?capabilities=
         |                                            ^
      55 |         ${encodeURIComponent(JSON.stringify(capabilities))}`);
      56 |             const ltPage = await browser.newPage(testInfo.project.use);
      57 |             await use(ltPage);
        at Object.page (/home/runner/work/playwrightSample/playwrightSample/fixtures/lambdaTestFixture.ts:54:44)

    attachment #1: trace (application/zip) ─────────────────────────────────────────────────────────
    test-results/Fixture-LambdaTest-loginLa-24caa-id-user-load-inventory-page-chrome-latest-MacOS-Catalina-lambdatest/trace.zip
    Usage:

        npx playwright show-trace test-results/Fixture-LambdaTest-loginLa-24caa-id-user-load-inventory-page-chrome-latest-MacOS-Catalina-lambdatest/trace.zip

    ────────────────────────────────────────────────────────────────────────────────────────────────

    Retry #1 ───────────────────────────────────────────────────────────────────────────────────────

    Internal Server Error: browserType.connect: Internal Server Error

       at ../fixtures/lambdaTestFixture.ts:54

      52 |                 `${testInfo.title} - ${fileName}`
      53 |             );
    > 54 |             const browser = await chromium.connect(`wss://cdp.lambdatest.com/playwright?capabilities=
         |                                            ^
      55 |         ${encodeURIComponent(JSON.stringify(capabilities))}`);
      56 |             const ltPage = await browser.newPage(testInfo.project.use);
      57 |             await use(ltPage);
        at Object.page (/home/runner/work/playwrightSample/playwrightSample/fixtures/lambdaTestFixture.ts:54:44)

    attachment #1: trace (application/zip) ─────────────────────────────────────────────────────────
    test-results/Fixture-LambdaTest-loginLa-24caa-id-user-load-inventory-page-chrome-latest-MacOS-Catalina-lambdatest-retry1/trace.zip
    Usage:

        npx playwright show-trace test-results/Fixture-LambdaTest-loginLa-24caa-id-user-load-inventory-page-chrome-latest-MacOS-Catalina-lambdatest-retry1/trace.zip

    ────────────────────────────────────────────────────────────────────────────────────────────────
]]>
</failure>
<system-out>
<![CDATA[
[[ATTACHMENT|../test-results/Fixture-LambdaTest-loginLa-24caa-id-user-load-inventory-page-chrome-latest-MacOS-Catalina-lambdatest/trace.zip]]

[[ATTACHMENT|../test-results/Fixture-LambdaTest-loginLa-24caa-id-user-load-inventory-page-chrome-latest-MacOS-Catalina-lambdatest-retry1/trace.zip]]
]]>
</system-out>
</testcase>
</testsuite>
<testsuite name="Fixture-LambdaTest/loginLambdaTestFixture.spec.ts" timestamp="2025-02-15T05:38:38.929Z" hostname="chrome:latest:Windows 10@lambdatest" tests="1" failures="1" skipped="0" time="2.521" errors="0">
<testcase name="Login › Login with valid user load inventory page" classname="Fixture-LambdaTest/loginLambdaTestFixture.spec.ts" time="2.521">
<failure message="loginLambdaTestFixture.spec.ts:9:9 Login with valid user load inventory page" type="FAILURE">
<![CDATA[  [chrome:latest:Windows 10@lambdatest] › Fixture-LambdaTest/loginLambdaTestFixture.spec.ts:9:9 › Login › Login with valid user load inventory page @Fixture 

    Internal Server Error: browserType.connect: Internal Server Error

       at ../fixtures/lambdaTestFixture.ts:54

      52 |                 `${testInfo.title} - ${fileName}`
      53 |             );
    > 54 |             const browser = await chromium.connect(`wss://cdp.lambdatest.com/playwright?capabilities=
         |                                            ^
      55 |         ${encodeURIComponent(JSON.stringify(capabilities))}`);
      56 |             const ltPage = await browser.newPage(testInfo.project.use);
      57 |             await use(ltPage);
        at Object.page (/home/runner/work/playwrightSample/playwrightSample/fixtures/lambdaTestFixture.ts:54:44)

    attachment #1: trace (application/zip) ─────────────────────────────────────────────────────────
    test-results/Fixture-LambdaTest-loginLa-24caa-id-user-load-inventory-page-chrome-latest-Windows-10-lambdatest/trace.zip
    Usage:

        npx playwright show-trace test-results/Fixture-LambdaTest-loginLa-24caa-id-user-load-inventory-page-chrome-latest-Windows-10-lambdatest/trace.zip

    ────────────────────────────────────────────────────────────────────────────────────────────────

    Retry #1 ───────────────────────────────────────────────────────────────────────────────────────

    Internal Server Error: browserType.connect: Internal Server Error

       at ../fixtures/lambdaTestFixture.ts:54

      52 |                 `${testInfo.title} - ${fileName}`
      53 |             );
    > 54 |             const browser = await chromium.connect(`wss://cdp.lambdatest.com/playwright?capabilities=
         |                                            ^
      55 |         ${encodeURIComponent(JSON.stringify(capabilities))}`);
      56 |             const ltPage = await browser.newPage(testInfo.project.use);
      57 |             await use(ltPage);
        at Object.page (/home/runner/work/playwrightSample/playwrightSample/fixtures/lambdaTestFixture.ts:54:44)

    attachment #1: trace (application/zip) ─────────────────────────────────────────────────────────
    test-results/Fixture-LambdaTest-loginLa-24caa-id-user-load-inventory-page-chrome-latest-Windows-10-lambdatest-retry1/trace.zip
    Usage:

        npx playwright show-trace test-results/Fixture-LambdaTest-loginLa-24caa-id-user-load-inventory-page-chrome-latest-Windows-10-lambdatest-retry1/trace.zip

    ────────────────────────────────────────────────────────────────────────────────────────────────
]]>
</failure>
<system-out>
<![CDATA[
[[ATTACHMENT|../test-results/Fixture-LambdaTest-loginLa-24caa-id-user-load-inventory-page-chrome-latest-Windows-10-lambdatest/trace.zip]]

[[ATTACHMENT|../test-results/Fixture-LambdaTest-loginLa-24caa-id-user-load-inventory-page-chrome-latest-Windows-10-lambdatest-retry1/trace.zip]]
]]>
</system-out>
</testcase>
</testsuite>
<testsuite name="AI/login.spec.ts" timestamp="2025-02-15T05:38:38.929Z" hostname="desktop-chromium" tests="1" failures="1" skipped="0" time="3.952" errors="0">
<testcase name="AI Zero Step › Should show dashboard after login" classname="AI/login.spec.ts" time="3.952">
<failure message="login.spec.ts:7:9 Should show dashboard after login" type="FAILURE">
<![CDATA[  [desktop-chromium] › AI/login.spec.ts:7:9 › AI Zero Step › Should show dashboard after login @AI_Zero_Step 

    "zerostep.error 'Account usage limit reached'. Version:v0.1.5 TaskId:0195081d-c7e8-7077-9645-e97ddec0e8de"

    attachment #3: screenshot (image/png) ──────────────────────────────────────────────────────────
    test-results/AI-login-AI-Zero-Step-Should-show-dashboard-after-login-desktop-chromium/test-failed-1.png
    ────────────────────────────────────────────────────────────────────────────────────────────────

    attachment #4: video (video/webm) ──────────────────────────────────────────────────────────────
    test-results/AI-login-AI-Zero-Step-Should-show-dashboard-after-login-desktop-chromium/video.webm
    ────────────────────────────────────────────────────────────────────────────────────────────────

    attachment #5: trace (application/zip) ─────────────────────────────────────────────────────────
    test-results/AI-login-AI-Zero-Step-Should-show-dashboard-after-login-desktop-chromium/trace.zip
    Usage:

        npx playwright show-trace test-results/AI-login-AI-Zero-Step-Should-show-dashboard-after-login-desktop-chromium/trace.zip

    ────────────────────────────────────────────────────────────────────────────────────────────────

    Retry #1 ───────────────────────────────────────────────────────────────────────────────────────

    "zerostep.error 'Account usage limit reached'. Version:v0.1.5 TaskId:0195081d-d398-7776-b18c-dab6a5ae9660"

    attachment #3: screenshot (image/png) ──────────────────────────────────────────────────────────
    test-results/AI-login-AI-Zero-Step-Should-show-dashboard-after-login-desktop-chromium-retry1/test-failed-1.png
    ────────────────────────────────────────────────────────────────────────────────────────────────

    attachment #4: video (video/webm) ──────────────────────────────────────────────────────────────
    test-results/AI-login-AI-Zero-Step-Should-show-dashboard-after-login-desktop-chromium-retry1/video.webm
    ────────────────────────────────────────────────────────────────────────────────────────────────

    attachment #5: trace (application/zip) ─────────────────────────────────────────────────────────
    test-results/AI-login-AI-Zero-Step-Should-show-dashboard-after-login-desktop-chromium-retry1/trace.zip
    Usage:

        npx playwright show-trace test-results/AI-login-AI-Zero-Step-Should-show-dashboard-after-login-desktop-chromium-retry1/trace.zip

    ────────────────────────────────────────────────────────────────────────────────────────────────
]]>
</failure>
<system-out>
<![CDATA[
[[ATTACHMENT|../test-results/AI-login-AI-Zero-Step-Should-show-dashboard-after-login-desktop-chromium/test-failed-1.png]]

[[ATTACHMENT|../test-results/AI-login-AI-Zero-Step-Should-show-dashboard-after-login-desktop-chromium/video.webm]]

[[ATTACHMENT|../test-results/AI-login-AI-Zero-Step-Should-show-dashboard-after-login-desktop-chromium/trace.zip]]

[[ATTACHMENT|../test-results/AI-login-AI-Zero-Step-Should-show-dashboard-after-login-desktop-chromium-retry1/test-failed-1.png]]

[[ATTACHMENT|../test-results/AI-login-AI-Zero-Step-Should-show-dashboard-after-login-desktop-chromium-retry1/video.webm]]

[[ATTACHMENT|../test-results/AI-login-AI-Zero-Step-Should-show-dashboard-after-login-desktop-chromium-retry1/trace.zip]]
]]>
</system-out>
<system-err>
<![CDATA[zerostep.error 'Account usage limit reached'. Version:v0.1.5 TaskId:0195081d-c7e8-7077-9645-e97ddec0e8de
zerostep.error 'Account usage limit reached'. Version:v0.1.5 TaskId:0195081d-d398-7776-b18c-dab6a5ae9660
]]>
</system-err>
</testcase>
</testsuite>
<testsuite name="Api/addToCart.spec.ts" timestamp="2025-02-15T05:38:38.929Z" hostname="desktop-chromium" tests="1" failures="0" skipped="0" time="12.431" errors="0">
<testcase name="WebdriverIO Shop › Should add an item to the cart" classname="Api/addToCart.spec.ts" time="12.431">
<properties>
<property name="Go To" value="Go to: &quot;https://shop.webdriver.io&quot;">
</property>
<property name="Link" value="Click: &quot;Shop All&quot;">
</property>
<property name="Step" value="Click in the product: &quot;WebdriverIO T-Shirt - Robot Shining&quot;">
</property>
<property name="Select" value="On &quot;Color&quot; select any option">
</property>
<property name="Select" value="On &quot;Color&quot; select the option Forest">
</property>
<property name="Step" value="Select any available Size">
</property>
<property name="Select" value="On &quot;Size&quot; select any option">
</property>
<property name="Select" value="On &quot;Size&quot; select the option XL">
</property>
<property name="Step" value="Get the product price">
</property>
<property name="Button" value="Click: &quot; 
		Add to Cart
		 
	$25.00
&quot;">
</property>
<property name="Assert" value="There is one item in the bag">
</property>
<property name="Button" value="Click: &quot;
 
				1
			 
				items
			&quot;">
</property>
<property name="Assert" value="The name of the item in the cart is: &quot;WebdriverIO T-Shirt - Robot Shining&quot;">
</property>
<property name="Assert" value="The price of the item in the cart is: &quot;$25.00&quot;">
</property>
<property name="Assert" value="The subtotal is: &quot;$25.00&quot;">
</property>
</properties>
</testcase>
</testsuite>
<testsuite name="Api/servers.spec.ts" timestamp="2025-02-15T05:38:38.929Z" hostname="desktop-chromium" tests="2" failures="0" skipped="0" time="7.182" errors="0">
<testcase name="Servers › Should add a server" classname="Api/servers.spec.ts" time="3.295">
<properties>
<property name="Description" value="An admin user can add a server">
</property>
<property name="Pre Condition" value="A valid admin username and password is logged">
</property>
<property name="Go To" value="Go to the servers page: &quot;https://effizientedemo.azurewebsites.net/Security/servers&apos;&quot;">
</property>
<property name="Post Condition" value="Delete server with the key: &quot;198255&quot; if exists">
</property>
<property name="Button" value="Click: &quot;Add&quot;">
</property>
<property name="InputText" value="Fill &quot;Key:&quot; with the value: &quot;198255&quot;">
</property>
<property name="InputText" value="Fill &quot;Name:&quot; with the value: &quot;Nitzsche, Beier and Rolfson&quot;">
</property>
<property name="InputText" value="Fill &quot;Url:&quot; with the value: &quot;https://smoggy-forager.net/&quot;">
</property>
<property name="Step" value="Save server and return server id from api">
</property>
<property name="Button" value="Click: &quot;Save&quot;">
</property>
<property name="Assert" value="Success message is visible">
</property>
<property name="Assert" value="Server id should be a number greater than 1">
</property>
<property name="Assert" value="Server with the key: &quot;198255&quot; exists in the table">
</property>
<property name="Assert" value="The server name for the key: &quot;198255&quot; is: &quot;Nitzsche, Beier and Rolfson&quot;">
</property>
<property name="Assert" value="The server url for the key: &quot;198255&quot; is: &quot;https://smoggy-forager.net/&quot;">
</property>
<property name="Post Condition" value="Delete the server with API request">
</property>
</properties>
</testcase>
<testcase name="Servers › Should edit a server" classname="Api/servers.spec.ts" time="3.887">
<properties>
<property name="Description" value="An admin user can edit a server">
</property>
<property name="Pre Condition" value="A valid admin username and password is logged">
</property>
<property name="Go To" value="Go to the servers page: &quot;https://effizientedemo.azurewebsites.net/Security/servers&apos;&quot;">
</property>
<property name="Step" value="Create server with API">
</property>
<property name="Go To" value="Go to the servers page: &quot;https://effizientedemo.azurewebsites.net/Security/servers&apos;&quot;">
</property>
<property name="InputText" value="Fill &quot;key:&quot; with the value: &quot;952521&quot;">
</property>
<property name="InputText" value="Fill &quot;Name:&quot; with the value: &quot;Runolfsdottir Group&quot;">
</property>
<property name="InputText" value="Fill &quot;Url:&quot; with the value: &quot;https://soulful-feather.net/&quot;">
</property>
<property name="Button" value="Click: &quot;Save&quot;">
</property>
<property name="Assert" value="Success message is visible">
</property>
<property name="Assert" value="Server with the key: &quot;952521&quot; exists in the table">
</property>
<property name="Assert" value="The server name for the key: &quot;952521&quot; is: &quot;Runolfsdottir Group&quot;">
</property>
<property name="Assert" value="The server url for the key: &quot;952521&quot; is: &quot;https://soulful-feather.net/&quot;">
</property>
<property name="Post Condition" value="Delete the server with API request">
</property>
</properties>
</testcase>
</testsuite>
<testsuite name="Basic/login.spec.ts" timestamp="2025-02-15T05:38:38.929Z" hostname="desktop-chromium" tests="1" failures="0" skipped="0" time="1.025" errors="0">
<testcase name="Login › Login with valid user load inventory page" classname="Basic/login.spec.ts" time="1.025">
<properties>
<property name="Description" value="Login with valid user on sauce demo">
</property>
<property name="Pre Condition" value="A valid username and password">
</property>
<property name="Go To" value="Go to: &quot;https://www.saucedemo.com&quot;">
</property>
<property name="InputText" value="Fill &quot;Username:&quot; with the value: &quot;standard_user&quot;">
</property>
<property name="InputPassword" value="Fill &quot;Password&quot; with value: *****">
</property>
<property name="Button" value="Click: &quot;Login&quot;">
</property>
<property name="Assert" value="Check URL Page is equal to: &quot;https://www.saucedemo.com/inventory.html&quot;">
</property>
</properties>
</testcase>
</testsuite>
<testsuite name="Basic/menu.spec.ts" timestamp="2025-02-15T05:38:38.929Z" hostname="desktop-chromium" tests="2" failures="0" skipped="0" time="24.869" errors="0">
<testcase name="Normal user › Should returns user menu" classname="Basic/menu.spec.ts" time="12.52">
<properties>
<property name="Description" value="Login to effiziente demo with a normal user, the user will see the menu for normal users">
</property>
<property name="Pre Condition" value="A valid normal user">
</property>
<property name="Go To" value="Go to: &quot;https://effizientedemo.azurewebsites.net/AccountsReceivable/dashboard&quot;">
</property>
<property name="PrimeFacesMenu" value="Get top menus">
</property>
<property name="Assert" value="Menu are equal to: &quot;AccountsReceivable,Config&quot;">
</property>
</properties>
</testcase>
<testcase name="Admin user › Should returns admin menu" classname="Basic/menu.spec.ts" time="12.349">
<properties>
<property name="Description" value="Login to effiziente demo with a admin user, the user will see the menu for admin users">
</property>
<property name="Pre Condition" value="A valid admin user">
</property>
<property name="Go To" value="Go to: &quot;https://effizientedemo.azurewebsites.net/AccountsReceivable/dashboard&quot;">
</property>
<property name="PrimeFacesMenu" value="Get top menus">
</property>
<property name="Assert" value="Menu are equal to: &quot;AccountsReceivable,Security,Config&quot;">
</property>
</properties>
</testcase>
</testsuite>
<testsuite name="Basic/parameterized.spec.ts" timestamp="2025-02-15T05:38:38.929Z" hostname="desktop-chromium" tests="2" failures="0" skipped="0" time="1.618" errors="0">
<testcase name="Login with Parameters › Login with &quot;standard_user&quot; from parameters will load inventory page" classname="Basic/parameterized.spec.ts" time="0.818">
<properties>
<property name="Description" value="Login with valid user on Sauce Demo">
</property>
<property name="Pre Condition" value="A valid username and password">
</property>
<property name="Go To" value="Go to: &quot;https://www.saucedemo.com&quot;">
</property>
<property name="InputText" value="Fill &quot;Username:&quot; with the value: &quot;standard_user&quot;">
</property>
<property name="InputPassword" value="Fill &quot;Password&quot; with value: *****">
</property>
<property name="Button" value="Click: &quot;Login&quot;">
</property>
<property name="Assert" value="Check URL Page is equal to: https://www.saucedemo.com/inventory.html&quot;">
</property>
</properties>
</testcase>
<testcase name="Login with Parameters › Login with &quot;visual_user&quot; from parameters will load inventory page" classname="Basic/parameterized.spec.ts" time="0.8">
<properties>
<property name="Description" value="Login with valid user on Sauce Demo">
</property>
<property name="Pre Condition" value="A valid username and password">
</property>
<property name="Go To" value="Go to: &quot;https://www.saucedemo.com&quot;">
</property>
<property name="InputText" value="Fill &quot;Username:&quot; with the value: &quot;visual_user&quot;">
</property>
<property name="InputPassword" value="Fill &quot;Password&quot; with value: *****">
</property>
<property name="Button" value="Click: &quot;Login&quot;">
</property>
<property name="Assert" value="Check URL Page is equal to: https://www.saucedemo.com/inventory.html&quot;">
</property>
</properties>
</testcase>
</testsuite>
<testsuite name="Excel/exportServers.spec.ts" timestamp="2025-02-15T05:38:38.929Z" hostname="desktop-chromium" tests="1" failures="0" skipped="0" time="2.49" errors="0">
<testcase name="Servers › Should export servers to excel" classname="Excel/exportServers.spec.ts" time="2.49">
<properties>
<property name="Go To" value="Go to the servers page: &quot;https://effizientedemo.azurewebsites.net/Security/servers&apos;&quot;">
</property>
<property name="ButtonExcel" value="Click: &quot;Export to Excel&quot;">
</property>
<property name="Assert" value="The excel file rows are equal to the grid rows">
</property>
</properties>
<system-out>
<![CDATA[
[[ATTACHMENT|../test-results/Excel-exportServers-Servers-Should-export-servers-to-excel-desktop-chromium/attachments/servers-xlsx-b45414d1440b649c23868d9b19e0f22e5f012826.xlsx]]
]]>
</system-out>
</testcase>
</testsuite>
<testsuite name="Fixture-LambdaTest/loginLambdaTestFixture.spec.ts" timestamp="2025-02-15T05:38:38.929Z" hostname="desktop-chromium" tests="1" failures="0" skipped="0" time="0.595" errors="0">
<testcase name="Login › Login with valid user load inventory page" classname="Fixture-LambdaTest/loginLambdaTestFixture.spec.ts" time="0.595">
<properties>
<property name="Go To" value="Go to: &quot;https://www.saucedemo.com&quot;">
</property>
<property name="InputText" value="Fill &quot;Username:&quot; with the value: &quot;standard_user&quot;">
</property>
<property name="InputPassword" value="Fill &quot;Password&quot; with value: *****">
</property>
<property name="Button" value="Click: &quot;Login&quot;">
</property>
<property name="Assert" value="Check URL Page equal to: &quot;https://www.saucedemo.com/inventory.html">
</property>
</properties>
</testcase>
</testsuite>
<testsuite name="LocaleGeo/bingMaps.spec.ts" timestamp="2025-02-15T05:38:38.929Z" hostname="desktop-chromium" tests="1" failures="0" skipped="0" time="4.052" errors="0">
<testcase name="Geo Location Test › The bing maps is located to munich" classname="LocaleGeo/bingMaps.spec.ts" time="4.052">
<properties>
<property name="Go To" value="Go to: &quot;https://www.bing.com/maps&quot;">
</property>
<property name="Button" value="Click: &quot;Locate me&quot;">
</property>
<property name="Button" value="Check if the button is visible">
</property>
<property name="Button" value="Click: &quot;Expand/Collapse Geochain&quot;">
</property>
<property name="Assert" value="Geo name is equal to: &quot;GermanyBavariaMunich (District)&quot;">
</property>
</properties>
</testcase>
</testsuite>
<testsuite name="LocaleGeo/searchLocale.spec.ts" timestamp="2025-02-15T05:38:38.929Z" hostname="desktop-chromium" tests="1" failures="0" skipped="0" time="1.216" errors="0">
<testcase name="Locale translations › Should display correct translations for specified locale and timezone" classname="LocaleGeo/searchLocale.spec.ts" time="1.216">
<properties>
<property name="Go To" value="Go to: &quot;https://www.google.com&quot;">
</property>
<property name="Assert" value="Search button text is equal to: &quot;Buscar con Google&quot;">
</property>
</properties>
</testcase>
</testsuite>
<testsuite name="Synthetic/login.spec.ts" timestamp="2025-02-15T05:38:38.929Z" hostname="desktop-chromium" tests="1" failures="0" skipped="0" time="2.934" errors="0">
<testcase name="Synthetic login testing › Should show dashboard" classname="Synthetic/login.spec.ts" time="2.934">
</testcase>
</testsuite>
<testsuite name="Synthetic/menu.spec.ts" timestamp="2025-02-15T05:38:38.929Z" hostname="desktop-chromium" tests="1" failures="0" skipped="0" time="3.896" errors="0">
<testcase name="Synthetic testing › Should show dashboard" classname="Synthetic/menu.spec.ts" time="3.896">
<properties>
<property name="Navigation" value="Go to: &quot;https://effizientedemo.azurewebsites.net&quot;">
</property>
</properties>
</testcase>
</testsuite>
<testsuite name="VisualTesting/dashboard.spec.ts" timestamp="2025-02-15T05:38:38.929Z" hostname="desktop-chromium" tests="1" failures="0" skipped="0" time="3.278" errors="0">
<testcase name="Check Dashboard › Should show dashboard" classname="VisualTesting/dashboard.spec.ts" time="3.278">
<properties>
<property name="Mock" value="Modify the summary with fixed data">
</property>
<property name="Mock" value="Modify the &quot;Sumary Expiration&quot; with fixed data">
</property>
<property name="Mock" value="Modify the &quot;Top 5 delay&quot; with fixed data">
</property>
<property name="Mock" value="Modify the &quot;Top 5 total&quot; with fixed data">
</property>
<property name="Mock" value="Modify the &quot;Top 5 type&quot; with fixed data">
</property>
<property name="Mock" value="Modify the &quot;Top 10 Limit 1&quot; with fixed data">
</property>
<property name="Mock" value="Modify the &quot;Top 10 Limit 2&quot; with fixed data">
</property>
<property name="Mock" value="Modify the &quot;Top 10 Limit 3&quot; with fixed data">
</property>
<property name="Mock" value="Modify the &quot;Top 10 To Expire&quot; with fixed data">
</property>
<property name="Go To" value="Go to: &quot;https://effizientedemo.azurewebsites.net/AccountsReceivable/dashboard&quot;">
</property>
<property name="Go To" value="Wait to charts are visible">
</property>
<property name="Step" value="Compare snapshot: dashboard.png with maxDiffPixelsRatio: 0.1">
</property>
</properties>
</testcase>
</testsuite>
<testsuite name="AI/login.spec.ts" timestamp="2025-02-15T05:38:38.929Z" hostname="desktop-firefox" tests="1" failures="0" skipped="1" time="1.118" errors="0">
<testcase name="AI Zero Step › Should show dashboard after login" classname="AI/login.spec.ts" time="1.118">
<properties>
<property name="skip" value="Zero Steps only works in chromium">
</property>
</properties>
<skipped>
</skipped>
</testcase>
</testsuite>
<testsuite name="Api/addToCart.spec.ts" timestamp="2025-02-15T05:38:38.929Z" hostname="desktop-firefox" tests="1" failures="0" skipped="0" time="14.205" errors="0">
<testcase name="WebdriverIO Shop › Should add an item to the cart" classname="Api/addToCart.spec.ts" time="14.205">
<properties>
<property name="Go To" value="Go to: &quot;https://shop.webdriver.io&quot;">
</property>
<property name="Link" value="Click: &quot;Shop All&quot;">
</property>
<property name="Step" value="Click in the product: &quot;WebdriverIO T-Shirt - Box Logo Tee&quot;">
</property>
<property name="Select" value="On &quot;Color&quot; select any option">
</property>
<property name="Select" value="On &quot;Color&quot; select the option Black">
</property>
<property name="Step" value="Select any available Size">
</property>
<property name="Select" value="On &quot;Size&quot; select any option">
</property>
<property name="Select" value="On &quot;Size&quot; select the option 4XL">
</property>
<property name="Step" value="Get the product price">
</property>
<property name="Button" value="Click: &quot; 
		Add to Cart
		 
	$30.00
&quot;">
</property>
<property name="Assert" value="There is one item in the bag">
</property>
<property name="Button" value="Click: &quot;
 
				1
			 
				items
			&quot;">
</property>
<property name="Assert" value="The name of the item in the cart is: &quot;WebdriverIO T-Shirt - Box Logo Tee&quot;">
</property>
<property name="Assert" value="The price of the item in the cart is: &quot;$30.00&quot;">
</property>
<property name="Assert" value="The subtotal is: &quot;$30.00&quot;">
</property>
</properties>
</testcase>
</testsuite>
<testsuite name="Api/servers.spec.ts" timestamp="2025-02-15T05:38:38.929Z" hostname="desktop-firefox" tests="2" failures="0" skipped="0" time="8.818" errors="0">
<testcase name="Servers › Should add a server" classname="Api/servers.spec.ts" time="4.322">
<properties>
<property name="Description" value="An admin user can add a server">
</property>
<property name="Pre Condition" value="A valid admin username and password is logged">
</property>
<property name="Go To" value="Go to the servers page: &quot;https://effizientedemo.azurewebsites.net/Security/servers&apos;&quot;">
</property>
<property name="Post Condition" value="Delete server with the key: &quot;625481&quot; if exists">
</property>
<property name="Button" value="Click: &quot;Add&quot;">
</property>
<property name="InputText" value="Fill &quot;Key:&quot; with the value: &quot;625481&quot;">
</property>
<property name="InputText" value="Fill &quot;Name:&quot; with the value: &quot;Kshlerin, Pouros and Morissette&quot;">
</property>
<property name="InputText" value="Fill &quot;Url:&quot; with the value: &quot;https://tall-hunger.org&quot;">
</property>
<property name="Step" value="Save server and return server id from api">
</property>
<property name="Button" value="Click: &quot;Save&quot;">
</property>
<property name="Assert" value="Success message is visible">
</property>
<property name="Assert" value="Server id should be a number greater than 1">
</property>
<property name="Assert" value="Server with the key: &quot;625481&quot; exists in the table">
</property>
<property name="Assert" value="The server name for the key: &quot;625481&quot; is: &quot;Kshlerin, Pouros and Morissette&quot;">
</property>
<property name="Assert" value="The server url for the key: &quot;625481&quot; is: &quot;https://tall-hunger.org&quot;">
</property>
<property name="Post Condition" value="Delete the server with API request">
</property>
</properties>
</testcase>
<testcase name="Servers › Should edit a server" classname="Api/servers.spec.ts" time="4.496">
<properties>
<property name="Description" value="An admin user can edit a server">
</property>
<property name="Pre Condition" value="A valid admin username and password is logged">
</property>
<property name="Go To" value="Go to the servers page: &quot;https://effizientedemo.azurewebsites.net/Security/servers&apos;&quot;">
</property>
<property name="Step" value="Create server with API">
</property>
<property name="Go To" value="Go to the servers page: &quot;https://effizientedemo.azurewebsites.net/Security/servers&apos;&quot;">
</property>
<property name="InputText" value="Fill &quot;key:&quot; with the value: &quot;499783&quot;">
</property>
<property name="InputText" value="Fill &quot;Name:&quot; with the value: &quot;Hickle - Sipes&quot;">
</property>
<property name="InputText" value="Fill &quot;Url:&quot; with the value: &quot;https://unpleasant-expense.org/&quot;">
</property>
<property name="Button" value="Click: &quot;Save&quot;">
</property>
<property name="Assert" value="Success message is visible">
</property>
<property name="Assert" value="Server with the key: &quot;499783&quot; exists in the table">
</property>
<property name="Assert" value="The server name for the key: &quot;499783&quot; is: &quot;Hickle - Sipes&quot;">
</property>
<property name="Assert" value="The server url for the key: &quot;499783&quot; is: &quot;https://unpleasant-expense.org/&quot;">
</property>
<property name="Post Condition" value="Delete the server with API request">
</property>
</properties>
</testcase>
</testsuite>
<testsuite name="Basic/login.spec.ts" timestamp="2025-02-15T05:38:38.929Z" hostname="desktop-firefox" tests="1" failures="0" skipped="0" time="1.111" errors="0">
<testcase name="Login › Login with valid user load inventory page" classname="Basic/login.spec.ts" time="1.111">
<properties>
<property name="Description" value="Login with valid user on sauce demo">
</property>
<property name="Pre Condition" value="A valid username and password">
</property>
<property name="Go To" value="Go to: &quot;https://www.saucedemo.com&quot;">
</property>
<property name="InputText" value="Fill &quot;Username:&quot; with the value: &quot;standard_user&quot;">
</property>
<property name="InputPassword" value="Fill &quot;Password&quot; with value: *****">
</property>
<property name="Button" value="Click: &quot;Login&quot;">
</property>
<property name="Assert" value="Check URL Page is equal to: &quot;https://www.saucedemo.com/inventory.html&quot;">
</property>
</properties>
</testcase>
</testsuite>
<testsuite name="Basic/menu.spec.ts" timestamp="2025-02-15T05:38:38.929Z" hostname="desktop-firefox" tests="2" failures="0" skipped="0" time="6.482" errors="0">
<testcase name="Normal user › Should returns user menu" classname="Basic/menu.spec.ts" time="2.982">
<properties>
<property name="Description" value="Login to effiziente demo with a normal user, the user will see the menu for normal users">
</property>
<property name="Pre Condition" value="A valid normal user">
</property>
<property name="Go To" value="Go to: &quot;https://effizientedemo.azurewebsites.net/AccountsReceivable/dashboard&quot;">
</property>
<property name="PrimeFacesMenu" value="Get top menus">
</property>
<property name="Assert" value="Menu are equal to: &quot;AccountsReceivable,Config&quot;">
</property>
</properties>
</testcase>
<testcase name="Admin user › Should returns admin menu" classname="Basic/menu.spec.ts" time="3.5">
<properties>
<property name="Description" value="Login to effiziente demo with a admin user, the user will see the menu for admin users">
</property>
<property name="Pre Condition" value="A valid admin user">
</property>
<property name="Go To" value="Go to: &quot;https://effizientedemo.azurewebsites.net/AccountsReceivable/dashboard&quot;">
</property>
<property name="PrimeFacesMenu" value="Get top menus">
</property>
<property name="Assert" value="Menu are equal to: &quot;AccountsReceivable,Security,Config&quot;">
</property>
</properties>
</testcase>
</testsuite>
<testsuite name="Basic/parameterized.spec.ts" timestamp="2025-02-15T05:38:38.929Z" hostname="desktop-firefox" tests="2" failures="0" skipped="0" time="2.119" errors="0">
<testcase name="Login with Parameters › Login with &quot;standard_user&quot; from parameters will load inventory page" classname="Basic/parameterized.spec.ts" time="1.149">
<properties>
<property name="Description" value="Login with valid user on Sauce Demo">
</property>
<property name="Pre Condition" value="A valid username and password">
</property>
<property name="Go To" value="Go to: &quot;https://www.saucedemo.com&quot;">
</property>
<property name="InputText" value="Fill &quot;Username:&quot; with the value: &quot;standard_user&quot;">
</property>
<property name="InputPassword" value="Fill &quot;Password&quot; with value: *****">
</property>
<property name="Button" value="Click: &quot;Login&quot;">
</property>
<property name="Assert" value="Check URL Page is equal to: https://www.saucedemo.com/inventory.html&quot;">
</property>
</properties>
</testcase>
<testcase name="Login with Parameters › Login with &quot;visual_user&quot; from parameters will load inventory page" classname="Basic/parameterized.spec.ts" time="0.97">
<properties>
<property name="Description" value="Login with valid user on Sauce Demo">
</property>
<property name="Pre Condition" value="A valid username and password">
</property>
<property name="Go To" value="Go to: &quot;https://www.saucedemo.com&quot;">
</property>
<property name="InputText" value="Fill &quot;Username:&quot; with the value: &quot;visual_user&quot;">
</property>
<property name="InputPassword" value="Fill &quot;Password&quot; with value: *****">
</property>
<property name="Button" value="Click: &quot;Login&quot;">
</property>
<property name="Assert" value="Check URL Page is equal to: https://www.saucedemo.com/inventory.html&quot;">
</property>
</properties>
</testcase>
</testsuite>
<testsuite name="Excel/exportServers.spec.ts" timestamp="2025-02-15T05:38:38.929Z" hostname="desktop-firefox" tests="1" failures="0" skipped="0" time="2.786" errors="0">
<testcase name="Servers › Should export servers to excel" classname="Excel/exportServers.spec.ts" time="2.786">
<properties>
<property name="Go To" value="Go to the servers page: &quot;https://effizientedemo.azurewebsites.net/Security/servers&apos;&quot;">
</property>
<property name="ButtonExcel" value="Click: &quot;Export to Excel&quot;">
</property>
<property name="Assert" value="The excel file rows are equal to the grid rows">
</property>
</properties>
<system-out>
<![CDATA[
[[ATTACHMENT|../test-results/Excel-exportServers-Servers-Should-export-servers-to-excel-desktop-firefox/attachments/servers-xlsx-b45414d1440b649c23868d9b19e0f22e5f012826.xlsx]]
]]>
</system-out>
</testcase>
</testsuite>
<testsuite name="Fixture-LambdaTest/loginLambdaTestFixture.spec.ts" timestamp="2025-02-15T05:38:38.929Z" hostname="desktop-firefox" tests="1" failures="0" skipped="0" time="0.683" errors="0">
<testcase name="Login › Login with valid user load inventory page" classname="Fixture-LambdaTest/loginLambdaTestFixture.spec.ts" time="0.683">
<properties>
<property name="Go To" value="Go to: &quot;https://www.saucedemo.com&quot;">
</property>
<property name="InputText" value="Fill &quot;Username:&quot; with the value: &quot;standard_user&quot;">
</property>
<property name="InputPassword" value="Fill &quot;Password&quot; with value: *****">
</property>
<property name="Button" value="Click: &quot;Login&quot;">
</property>
<property name="Assert" value="Check URL Page equal to: &quot;https://www.saucedemo.com/inventory.html">
</property>
</properties>
</testcase>
</testsuite>
<testsuite name="LocaleGeo/bingMaps.spec.ts" timestamp="2025-02-15T05:38:38.929Z" hostname="desktop-firefox" tests="1" failures="0" skipped="1" time="0.361" errors="0">
<testcase name="Geo Location Test › The bing maps is located to munich" classname="LocaleGeo/bingMaps.spec.ts" time="0.361">
<properties>
<property name="skip" value="Geolocation not work in firefox">
</property>
</properties>
<skipped>
</skipped>
</testcase>
</testsuite>
<testsuite name="LocaleGeo/searchLocale.spec.ts" timestamp="2025-02-15T05:38:38.929Z" hostname="desktop-firefox" tests="1" failures="0" skipped="0" time="1.574" errors="0">
<testcase name="Locale translations › Should display correct translations for specified locale and timezone" classname="LocaleGeo/searchLocale.spec.ts" time="1.574">
<properties>
<property name="Go To" value="Go to: &quot;https://www.google.com&quot;">
</property>
<property name="Assert" value="Search button text is equal to: &quot;Buscar con Google&quot;">
</property>
</properties>
</testcase>
</testsuite>
<testsuite name="Synthetic/login.spec.ts" timestamp="2025-02-15T05:38:38.929Z" hostname="desktop-firefox" tests="1" failures="0" skipped="0" time="3.361" errors="0">
<testcase name="Synthetic login testing › Should show dashboard" classname="Synthetic/login.spec.ts" time="3.361">
</testcase>
</testsuite>
<testsuite name="Synthetic/menu.spec.ts" timestamp="2025-02-15T05:38:38.929Z" hostname="desktop-firefox" tests="1" failures="0" skipped="0" time="3.843" errors="0">
<testcase name="Synthetic testing › Should show dashboard" classname="Synthetic/menu.spec.ts" time="3.843">
<properties>
<property name="Navigation" value="Go to: &quot;https://effizientedemo.azurewebsites.net&quot;">
</property>
</properties>
</testcase>
</testsuite>
<testsuite name="VisualTesting/dashboard.spec.ts" timestamp="2025-02-15T05:38:38.929Z" hostname="desktop-firefox" tests="1" failures="0" skipped="0" time="3.283" errors="0">
<testcase name="Check Dashboard › Should show dashboard" classname="VisualTesting/dashboard.spec.ts" time="3.283">
<properties>
<property name="Mock" value="Modify the summary with fixed data">
</property>
<property name="Mock" value="Modify the &quot;Sumary Expiration&quot; with fixed data">
</property>
<property name="Mock" value="Modify the &quot;Top 5 delay&quot; with fixed data">
</property>
<property name="Mock" value="Modify the &quot;Top 5 total&quot; with fixed data">
</property>
<property name="Mock" value="Modify the &quot;Top 5 type&quot; with fixed data">
</property>
<property name="Mock" value="Modify the &quot;Top 10 Limit 1&quot; with fixed data">
</property>
<property name="Mock" value="Modify the &quot;Top 10 Limit 2&quot; with fixed data">
</property>
<property name="Mock" value="Modify the &quot;Top 10 Limit 3&quot; with fixed data">
</property>
<property name="Mock" value="Modify the &quot;Top 10 To Expire&quot; with fixed data">
</property>
<property name="Go To" value="Go to: &quot;https://effizientedemo.azurewebsites.net/AccountsReceivable/dashboard&quot;">
</property>
<property name="Go To" value="Wait to charts are visible">
</property>
<property name="Step" value="Compare snapshot: dashboard.png with maxDiffPixelsRatio: 0.1">
</property>
</properties>
</testcase>
</testsuite>
<testsuite name="AI/login.spec.ts" timestamp="2025-02-15T05:38:38.929Z" hostname="desktop-webkit" tests="1" failures="0" skipped="1" time="1.77" errors="0">
<testcase name="AI Zero Step › Should show dashboard after login" classname="AI/login.spec.ts" time="1.77">
<properties>
<property name="skip" value="Zero Steps only works in chromium">
</property>
</properties>
<skipped>
</skipped>
</testcase>
</testsuite>
<testsuite name="Api/addToCart.spec.ts" timestamp="2025-02-15T05:38:38.929Z" hostname="desktop-webkit" tests="1" failures="0" skipped="0" time="19.507" errors="0">
<testcase name="WebdriverIO Shop › Should add an item to the cart" classname="Api/addToCart.spec.ts" time="19.507">
<properties>
<property name="Go To" value="Go to: &quot;https://shop.webdriver.io&quot;">
</property>
<property name="Link" value="Click: &quot;Shop All&quot;">
</property>
<property name="Step" value="Click in the product: &quot;WebdriverIO T-Shirt - Robot Shining&quot;">
</property>
<property name="Select" value="On &quot;Color&quot; select any option">
</property>
<property name="Select" value="On &quot;Color&quot; select the option Asphalt">
</property>
<property name="Step" value="Select any available Size">
</property>
<property name="Select" value="On &quot;Size&quot; select any option">
</property>
<property name="Select" value="On &quot;Size&quot; select the option XL">
</property>
<property name="Step" value="Get the product price">
</property>
<property name="Button" value="Click: &quot; 
		Add to Cart
		 
	$25.00
&quot;">
</property>
<property name="Assert" value="There is one item in the bag">
</property>
<property name="Button" value="Click: &quot;
 
				1
			 
				items
			&quot;">
</property>
<property name="Assert" value="The name of the item in the cart is: &quot;WebdriverIO T-Shirt - Robot Shining&quot;">
</property>
<property name="Assert" value="The price of the item in the cart is: &quot;$25.00&quot;">
</property>
<property name="Assert" value="The subtotal is: &quot;$25.00&quot;">
</property>
</properties>
</testcase>
</testsuite>
<testsuite name="Api/servers.spec.ts" timestamp="2025-02-15T05:38:38.929Z" hostname="desktop-webkit" tests="2" failures="0" skipped="0" time="12.093" errors="0">
<testcase name="Servers › Should add a server" classname="Api/servers.spec.ts" time="5.776">
<properties>
<property name="Description" value="An admin user can add a server">
</property>
<property name="Pre Condition" value="A valid admin username and password is logged">
</property>
<property name="Go To" value="Go to the servers page: &quot;https://effizientedemo.azurewebsites.net/Security/servers&apos;&quot;">
</property>
<property name="Post Condition" value="Delete server with the key: &quot;221972&quot; if exists">
</property>
<property name="Button" value="Click: &quot;Add&quot;">
</property>
<property name="InputText" value="Fill &quot;Key:&quot; with the value: &quot;221972&quot;">
</property>
<property name="InputText" value="Fill &quot;Name:&quot; with the value: &quot;Miller and Sons&quot;">
</property>
<property name="InputText" value="Fill &quot;Url:&quot; with the value: &quot;https://exhausted-cork.name/&quot;">
</property>
<property name="Step" value="Save server and return server id from api">
</property>
<property name="Button" value="Click: &quot;Save&quot;">
</property>
<property name="Assert" value="Success message is visible">
</property>
<property name="Assert" value="Server id should be a number greater than 1">
</property>
<property name="Assert" value="Server with the key: &quot;221972&quot; exists in the table">
</property>
<property name="Assert" value="The server name for the key: &quot;221972&quot; is: &quot;Miller and Sons&quot;">
</property>
<property name="Assert" value="The server url for the key: &quot;221972&quot; is: &quot;https://exhausted-cork.name/&quot;">
</property>
<property name="Post Condition" value="Delete the server with API request">
</property>
</properties>
</testcase>
<testcase name="Servers › Should edit a server" classname="Api/servers.spec.ts" time="6.317">
<properties>
<property name="Description" value="An admin user can edit a server">
</property>
<property name="Pre Condition" value="A valid admin username and password is logged">
</property>
<property name="Go To" value="Go to the servers page: &quot;https://effizientedemo.azurewebsites.net/Security/servers&apos;&quot;">
</property>
<property name="Step" value="Create server with API">
</property>
<property name="Go To" value="Go to the servers page: &quot;https://effizientedemo.azurewebsites.net/Security/servers&apos;&quot;">
</property>
<property name="InputText" value="Fill &quot;key:&quot; with the value: &quot;120684&quot;">
</property>
<property name="InputText" value="Fill &quot;Name:&quot; with the value: &quot;Lindgren, McKenzie and Willms&quot;">
</property>
<property name="InputText" value="Fill &quot;Url:&quot; with the value: &quot;https://steel-allocation.name&quot;">
</property>
<property name="Button" value="Click: &quot;Save&quot;">
</property>
<property name="Assert" value="Success message is visible">
</property>
<property name="Assert" value="Server with the key: &quot;120684&quot; exists in the table">
</property>
<property name="Assert" value="The server name for the key: &quot;120684&quot; is: &quot;Lindgren, McKenzie and Willms&quot;">
</property>
<property name="Assert" value="The server url for the key: &quot;120684&quot; is: &quot;https://steel-allocation.name&quot;">
</property>
<property name="Post Condition" value="Delete the server with API request">
</property>
</properties>
</testcase>
</testsuite>
<testsuite name="Basic/login.spec.ts" timestamp="2025-02-15T05:38:38.929Z" hostname="desktop-webkit" tests="1" failures="0" skipped="0" time="1.877" errors="0">
<testcase name="Login › Login with valid user load inventory page" classname="Basic/login.spec.ts" time="1.877">
<properties>
<property name="Description" value="Login with valid user on sauce demo">
</property>
<property name="Pre Condition" value="A valid username and password">
</property>
<property name="Go To" value="Go to: &quot;https://www.saucedemo.com&quot;">
</property>
<property name="InputText" value="Fill &quot;Username:&quot; with the value: &quot;standard_user&quot;">
</property>
<property name="InputPassword" value="Fill &quot;Password&quot; with value: *****">
</property>
<property name="Button" value="Click: &quot;Login&quot;">
</property>
<property name="Assert" value="Check URL Page is equal to: &quot;https://www.saucedemo.com/inventory.html&quot;">
</property>
</properties>
</testcase>
</testsuite>
<testsuite name="Basic/menu.spec.ts" timestamp="2025-02-15T05:38:38.929Z" hostname="desktop-webkit" tests="2" failures="0" skipped="0" time="9.284" errors="0">
<testcase name="Normal user › Should returns user menu" classname="Basic/menu.spec.ts" time="4.987">
<properties>
<property name="Description" value="Login to effiziente demo with a normal user, the user will see the menu for normal users">
</property>
<property name="Pre Condition" value="A valid normal user">
</property>
<property name="Go To" value="Go to: &quot;https://effizientedemo.azurewebsites.net/AccountsReceivable/dashboard&quot;">
</property>
<property name="PrimeFacesMenu" value="Get top menus">
</property>
<property name="Assert" value="Menu are equal to: &quot;AccountsReceivable,Config&quot;">
</property>
</properties>
</testcase>
<testcase name="Admin user › Should returns admin menu" classname="Basic/menu.spec.ts" time="4.297">
<properties>
<property name="Description" value="Login to effiziente demo with a admin user, the user will see the menu for admin users">
</property>
<property name="Pre Condition" value="A valid admin user">
</property>
<property name="Go To" value="Go to: &quot;https://effizientedemo.azurewebsites.net/AccountsReceivable/dashboard&quot;">
</property>
<property name="PrimeFacesMenu" value="Get top menus">
</property>
<property name="Assert" value="Menu are equal to: &quot;AccountsReceivable,Security,Config&quot;">
</property>
</properties>
</testcase>
</testsuite>
<testsuite name="Basic/parameterized.spec.ts" timestamp="2025-02-15T05:38:38.929Z" hostname="desktop-webkit" tests="2" failures="0" skipped="0" time="3.289" errors="0">
<testcase name="Login with Parameters › Login with &quot;standard_user&quot; from parameters will load inventory page" classname="Basic/parameterized.spec.ts" time="1.506">
<properties>
<property name="Description" value="Login with valid user on Sauce Demo">
</property>
<property name="Pre Condition" value="A valid username and password">
</property>
<property name="Go To" value="Go to: &quot;https://www.saucedemo.com&quot;">
</property>
<property name="InputText" value="Fill &quot;Username:&quot; with the value: &quot;standard_user&quot;">
</property>
<property name="InputPassword" value="Fill &quot;Password&quot; with value: *****">
</property>
<property name="Button" value="Click: &quot;Login&quot;">
</property>
<property name="Assert" value="Check URL Page is equal to: https://www.saucedemo.com/inventory.html&quot;">
</property>
</properties>
</testcase>
<testcase name="Login with Parameters › Login with &quot;visual_user&quot; from parameters will load inventory page" classname="Basic/parameterized.spec.ts" time="1.783">
<properties>
<property name="Description" value="Login with valid user on Sauce Demo">
</property>
<property name="Pre Condition" value="A valid username and password">
</property>
<property name="Go To" value="Go to: &quot;https://www.saucedemo.com&quot;">
</property>
<property name="InputText" value="Fill &quot;Username:&quot; with the value: &quot;visual_user&quot;">
</property>
<property name="InputPassword" value="Fill &quot;Password&quot; with value: *****">
</property>
<property name="Button" value="Click: &quot;Login&quot;">
</property>
<property name="Assert" value="Check URL Page is equal to: https://www.saucedemo.com/inventory.html&quot;">
</property>
</properties>
</testcase>
</testsuite>
<testsuite name="Excel/exportServers.spec.ts" timestamp="2025-02-15T05:38:38.929Z" hostname="desktop-webkit" tests="1" failures="0" skipped="0" time="3.655" errors="0">
<testcase name="Servers › Should export servers to excel" classname="Excel/exportServers.spec.ts" time="3.655">
<properties>
<property name="Go To" value="Go to the servers page: &quot;https://effizientedemo.azurewebsites.net/Security/servers&apos;&quot;">
</property>
<property name="ButtonExcel" value="Click: &quot;Export to Excel&quot;">
</property>
<property name="Assert" value="The excel file rows are equal to the grid rows">
</property>
</properties>
<system-out>
<![CDATA[
[[ATTACHMENT|../test-results/Excel-exportServers-Servers-Should-export-servers-to-excel-desktop-webkit/attachments/servers-xlsx-b45414d1440b649c23868d9b19e0f22e5f012826.xlsx]]
]]>
</system-out>
</testcase>
</testsuite>
<testsuite name="Fixture-LambdaTest/loginLambdaTestFixture.spec.ts" timestamp="2025-02-15T05:38:38.929Z" hostname="desktop-webkit" tests="1" failures="0" skipped="0" time="0.877" errors="0">
<testcase name="Login › Login with valid user load inventory page" classname="Fixture-LambdaTest/loginLambdaTestFixture.spec.ts" time="0.877">
<properties>
<property name="Go To" value="Go to: &quot;https://www.saucedemo.com&quot;">
</property>
<property name="InputText" value="Fill &quot;Username:&quot; with the value: &quot;standard_user&quot;">
</property>
<property name="InputPassword" value="Fill &quot;Password&quot; with value: *****">
</property>
<property name="Button" value="Click: &quot;Login&quot;">
</property>
<property name="Assert" value="Check URL Page equal to: &quot;https://www.saucedemo.com/inventory.html">
</property>
</properties>
</testcase>
</testsuite>
<testsuite name="LocaleGeo/bingMaps.spec.ts" timestamp="2025-02-15T05:38:38.929Z" hostname="desktop-webkit" tests="1" failures="0" skipped="0" time="11.655" errors="0">
<testcase name="Geo Location Test › The bing maps is located to munich" classname="LocaleGeo/bingMaps.spec.ts" time="11.655">
<properties>
<property name="Go To" value="Go to: &quot;https://www.bing.com/maps&quot;">
</property>
<property name="Button" value="Click: &quot;Locate me&quot;">
</property>
<property name="Button" value="Check if the button is visible">
</property>
<property name="Button" value="Click: &quot;Expand/Collapse Geochain&quot;">
</property>
<property name="Assert" value="Geo name is equal to: &quot;GermanyBavariaMunich (District)&quot;">
</property>
</properties>
</testcase>
</testsuite>
<testsuite name="LocaleGeo/searchLocale.spec.ts" timestamp="2025-02-15T05:38:38.929Z" hostname="desktop-webkit" tests="1" failures="0" skipped="0" time="1.811" errors="0">
<testcase name="Locale translations › Should display correct translations for specified locale and timezone" classname="LocaleGeo/searchLocale.spec.ts" time="1.811">
<properties>
<property name="Go To" value="Go to: &quot;https://www.google.com&quot;">
</property>
<property name="Assert" value="Search button text is equal to: &quot;Buscar con Google&quot;">
</property>
</properties>
</testcase>
</testsuite>
<testsuite name="Synthetic/login.spec.ts" timestamp="2025-02-15T05:38:38.929Z" hostname="desktop-webkit" tests="1" failures="0" skipped="0" time="6.752" errors="0">
<testcase name="Synthetic login testing › Should show dashboard" classname="Synthetic/login.spec.ts" time="6.752">
</testcase>
</testsuite>
<testsuite name="Synthetic/menu.spec.ts" timestamp="2025-02-15T05:38:38.929Z" hostname="desktop-webkit" tests="1" failures="0" skipped="0" time="5.968" errors="0">
<testcase name="Synthetic testing › Should show dashboard" classname="Synthetic/menu.spec.ts" time="5.968">
<properties>
<property name="Navigation" value="Go to: &quot;https://effizientedemo.azurewebsites.net&quot;">
</property>
</properties>
</testcase>
</testsuite>
<testsuite name="VisualTesting/dashboard.spec.ts" timestamp="2025-02-15T05:38:38.929Z" hostname="desktop-webkit" tests="1" failures="0" skipped="0" time="6.392" errors="0">
<testcase name="Check Dashboard › Should show dashboard" classname="VisualTesting/dashboard.spec.ts" time="6.392">
<properties>
<property name="Mock" value="Modify the summary with fixed data">
</property>
<property name="Mock" value="Modify the &quot;Sumary Expiration&quot; with fixed data">
</property>
<property name="Mock" value="Modify the &quot;Top 5 delay&quot; with fixed data">
</property>
<property name="Mock" value="Modify the &quot;Top 5 total&quot; with fixed data">
</property>
<property name="Mock" value="Modify the &quot;Top 5 type&quot; with fixed data">
</property>
<property name="Mock" value="Modify the &quot;Top 10 Limit 1&quot; with fixed data">
</property>
<property name="Mock" value="Modify the &quot;Top 10 Limit 2&quot; with fixed data">
</property>
<property name="Mock" value="Modify the &quot;Top 10 Limit 3&quot; with fixed data">
</property>
<property name="Mock" value="Modify the &quot;Top 10 To Expire&quot; with fixed data">
</property>
<property name="Go To" value="Go to: &quot;https://effizientedemo.azurewebsites.net/AccountsReceivable/dashboard&quot;">
</property>
<property name="Go To" value="Wait to charts are visible">
</property>
<property name="Step" value="Compare snapshot: dashboard.png with maxDiffPixelsRatio: 0.1">
</property>
</properties>
</testcase>
</testsuite>
</testsuites>