<testsuites id="" name="" tests="50" failures="1" skipped="3" errors="0" time="138.897737">
<testsuite name="Fixture-LambdaTest/loginLambdaTestFixture.spec.ts" timestamp="2025-02-11T05:38:37.466Z" hostname="chrome:latest:MacOS Catalina@lambdatest" tests="1" failures="0" skipped="0" time="10.504" errors="0">
<testcase name="Login › Login with valid user load inventory page" classname="Fixture-LambdaTest/loginLambdaTestFixture.spec.ts" time="10.504">
<properties>
<property name="Go To" value="Go to: &quot;https://www.saucedemo.com&quot;">
</property>
<property name="InputText" value="Fill &quot;Username:&quot; with the value: &quot;standard_user&quot;">
</property>
<property name="InputPassword" value="Fill &quot;Password&quot; with value: *****">
</property>
<property name="Button" value="Click: &quot;Login&quot;">
</property>
<property name="Assert" value="Check URL Page equal to: &quot;https://www.saucedemo.com/inventory.html">
</property>
</properties>
</testcase>
</testsuite>
<testsuite name="Fixture-LambdaTest/loginLambdaTestFixture.spec.ts" timestamp="2025-02-11T05:38:37.466Z" hostname="chrome:latest:Windows 10@lambdatest" tests="1" failures="0" skipped="0" time="11.657" errors="0">
<testcase name="Login › Login with valid user load inventory page" classname="Fixture-LambdaTest/loginLambdaTestFixture.spec.ts" time="11.657">
<properties>
<property name="Go To" value="Go to: &quot;https://www.saucedemo.com&quot;">
</property>
<property name="InputText" value="Fill &quot;Username:&quot; with the value: &quot;standard_user&quot;">
</property>
<property name="InputPassword" value="Fill &quot;Password&quot; with value: *****">
</property>
<property name="Button" value="Click: &quot;Login&quot;">
</property>
<property name="Assert" value="Check URL Page equal to: &quot;https://www.saucedemo.com/inventory.html">
</property>
</properties>
</testcase>
</testsuite>
<testsuite name="AI/login.spec.ts" timestamp="2025-02-11T05:38:37.466Z" hostname="desktop-chromium" tests="1" failures="1" skipped="0" time="3.666" errors="0">
<testcase name="AI Zero Step › Should show dashboard after login" classname="AI/login.spec.ts" time="3.666">
<failure message="login.spec.ts:7:9 Should show dashboard after login" type="FAILURE">
<![CDATA[  [desktop-chromium] › AI/login.spec.ts:7:9 › AI Zero Step › Should show dashboard after login @AI_Zero_Step 

    "zerostep.error 'Account usage limit reached'. Version:v0.1.5 TaskId:0194f384-6f24-7d91-b661-3f2f2faea60f"

    attachment #3: screenshot (image/png) ──────────────────────────────────────────────────────────
    test-results/AI-login-AI-Zero-Step-Should-show-dashboard-after-login-desktop-chromium/test-failed-1.png
    ────────────────────────────────────────────────────────────────────────────────────────────────

    attachment #4: video (video/webm) ──────────────────────────────────────────────────────────────
    test-results/AI-login-AI-Zero-Step-Should-show-dashboard-after-login-desktop-chromium/video.webm
    ────────────────────────────────────────────────────────────────────────────────────────────────

    attachment #5: trace (application/zip) ─────────────────────────────────────────────────────────
    test-results/AI-login-AI-Zero-Step-Should-show-dashboard-after-login-desktop-chromium/trace.zip
    Usage:

        npx playwright show-trace test-results/AI-login-AI-Zero-Step-Should-show-dashboard-after-login-desktop-chromium/trace.zip

    ────────────────────────────────────────────────────────────────────────────────────────────────

    Retry #1 ───────────────────────────────────────────────────────────────────────────────────────

    "zerostep.error 'Account usage limit reached'. Version:v0.1.5 TaskId:0194f384-7985-706f-b3de-2affb6d2f4ae"

    attachment #3: screenshot (image/png) ──────────────────────────────────────────────────────────
    test-results/AI-login-AI-Zero-Step-Should-show-dashboard-after-login-desktop-chromium-retry1/test-failed-1.png
    ────────────────────────────────────────────────────────────────────────────────────────────────

    attachment #4: video (video/webm) ──────────────────────────────────────────────────────────────
    test-results/AI-login-AI-Zero-Step-Should-show-dashboard-after-login-desktop-chromium-retry1/video.webm
    ────────────────────────────────────────────────────────────────────────────────────────────────

    attachment #5: trace (application/zip) ─────────────────────────────────────────────────────────
    test-results/AI-login-AI-Zero-Step-Should-show-dashboard-after-login-desktop-chromium-retry1/trace.zip
    Usage:

        npx playwright show-trace test-results/AI-login-AI-Zero-Step-Should-show-dashboard-after-login-desktop-chromium-retry1/trace.zip

    ────────────────────────────────────────────────────────────────────────────────────────────────
]]>
</failure>
<system-out>
<![CDATA[
[[ATTACHMENT|../test-results/AI-login-AI-Zero-Step-Should-show-dashboard-after-login-desktop-chromium/test-failed-1.png]]

[[ATTACHMENT|../test-results/AI-login-AI-Zero-Step-Should-show-dashboard-after-login-desktop-chromium/video.webm]]

[[ATTACHMENT|../test-results/AI-login-AI-Zero-Step-Should-show-dashboard-after-login-desktop-chromium/trace.zip]]

[[ATTACHMENT|../test-results/AI-login-AI-Zero-Step-Should-show-dashboard-after-login-desktop-chromium-retry1/test-failed-1.png]]

[[ATTACHMENT|../test-results/AI-login-AI-Zero-Step-Should-show-dashboard-after-login-desktop-chromium-retry1/video.webm]]

[[ATTACHMENT|../test-results/AI-login-AI-Zero-Step-Should-show-dashboard-after-login-desktop-chromium-retry1/trace.zip]]
]]>
</system-out>
<system-err>
<![CDATA[zerostep.error 'Account usage limit reached'. Version:v0.1.5 TaskId:0194f384-6f24-7d91-b661-3f2f2faea60f
zerostep.error 'Account usage limit reached'. Version:v0.1.5 TaskId:0194f384-7985-706f-b3de-2affb6d2f4ae
]]>
</system-err>
</testcase>
</testsuite>
<testsuite name="Api/addToCart.spec.ts" timestamp="2025-02-11T05:38:37.466Z" hostname="desktop-chromium" tests="1" failures="0" skipped="0" time="13.491" errors="0">
<testcase name="WebdriverIO Shop › Should add an item to the cart" classname="Api/addToCart.spec.ts" time="13.491">
<properties>
<property name="Go To" value="Go to: &quot;https://shop.webdriver.io&quot;">
</property>
<property name="Link" value="Click: &quot;Shop All&quot;">
</property>
<property name="Step" value="Click in the product: &quot;WebdriverIO T-Shirt - Robot Shining&quot;">
</property>
<property name="Select" value="On &quot;Color&quot; select any option">
</property>
<property name="Select" value="On &quot;Color&quot; select the option Maroon">
</property>
<property name="Step" value="Select any available Size">
</property>
<property name="Select" value="On &quot;Size&quot; select any option">
</property>
<property name="Select" value="On &quot;Size&quot; select the option M">
</property>
<property name="Step" value="Get the product price">
</property>
<property name="Button" value="Click: &quot; 
		Add to Cart
		 
	$25.00
&quot;">
</property>
<property name="Assert" value="There is one item in the bag">
</property>
<property name="Button" value="Click: &quot;
 
				1
			 
				items
			&quot;">
</property>
<property name="Assert" value="The name of the item in the cart is: &quot;WebdriverIO T-Shirt - Robot Shining&quot;">
</property>
<property name="Assert" value="The price of the item in the cart is: &quot;$25.00&quot;">
</property>
<property name="Assert" value="The subtotal is: &quot;$25.00&quot;">
</property>
</properties>
</testcase>
</testsuite>
<testsuite name="Api/servers.spec.ts" timestamp="2025-02-11T05:38:37.466Z" hostname="desktop-chromium" tests="2" failures="0" skipped="0" time="8.05" errors="0">
<testcase name="Servers › Should add a server" classname="Api/servers.spec.ts" time="3.979">
<properties>
<property name="Description" value="An admin user can add a server">
</property>
<property name="Pre Condition" value="A valid admin username and password is logged">
</property>
<property name="Go To" value="Go to the servers page: &quot;https://effizientedemo.azurewebsites.net/Security/servers&apos;&quot;">
</property>
<property name="Post Condition" value="Delete server with the key: &quot;266423&quot; if exists">
</property>
<property name="Button" value="Click: &quot;Add&quot;">
</property>
<property name="InputText" value="Fill &quot;Key:&quot; with the value: &quot;266423&quot;">
</property>
<property name="InputText" value="Fill &quot;Name:&quot; with the value: &quot;Hayes Group&quot;">
</property>
<property name="InputText" value="Fill &quot;Url:&quot; with the value: &quot;https://hospitable-interior.com/&quot;">
</property>
<property name="Step" value="Save server and return server id from api">
</property>
<property name="Button" value="Click: &quot;Save&quot;">
</property>
<property name="Assert" value="Success message is visible">
</property>
<property name="Assert" value="Server id should be a number greater than 1">
</property>
<property name="Assert" value="Server with the key: &quot;266423&quot; exists in the table">
</property>
<property name="Assert" value="The server name for the key: &quot;266423&quot; is: &quot;Hayes Group&quot;">
</property>
<property name="Assert" value="The server url for the key: &quot;266423&quot; is: &quot;https://hospitable-interior.com/&quot;">
</property>
<property name="Post Condition" value="Delete the server with API request">
</property>
</properties>
</testcase>
<testcase name="Servers › Should edit a server" classname="Api/servers.spec.ts" time="4.071">
<properties>
<property name="Description" value="An admin user can edit a server">
</property>
<property name="Pre Condition" value="A valid admin username and password is logged">
</property>
<property name="Go To" value="Go to the servers page: &quot;https://effizientedemo.azurewebsites.net/Security/servers&apos;&quot;">
</property>
<property name="Step" value="Create server with API">
</property>
<property name="Go To" value="Go to the servers page: &quot;https://effizientedemo.azurewebsites.net/Security/servers&apos;&quot;">
</property>
<property name="InputText" value="Fill &quot;key:&quot; with the value: &quot;41690&quot;">
</property>
<property name="InputText" value="Fill &quot;Name:&quot; with the value: &quot;Hagenes, Kuvalis and Flatley&quot;">
</property>
<property name="InputText" value="Fill &quot;Url:&quot; with the value: &quot;https://understated-community.com/&quot;">
</property>
<property name="Button" value="Click: &quot;Save&quot;">
</property>
<property name="Assert" value="Success message is visible">
</property>
<property name="Assert" value="Server with the key: &quot;41690&quot; exists in the table">
</property>
<property name="Assert" value="The server name for the key: &quot;41690&quot; is: &quot;Hagenes, Kuvalis and Flatley&quot;">
</property>
<property name="Assert" value="The server url for the key: &quot;41690&quot; is: &quot;https://understated-community.com/&quot;">
</property>
<property name="Post Condition" value="Delete the server with API request">
</property>
</properties>
</testcase>
</testsuite>
<testsuite name="Basic/login.spec.ts" timestamp="2025-02-11T05:38:37.466Z" hostname="desktop-chromium" tests="1" failures="0" skipped="0" time="0.831" errors="0">
<testcase name="Login › Login with valid user load inventory page" classname="Basic/login.spec.ts" time="0.831">
<properties>
<property name="Description" value="Login with valid user on sauce demo">
</property>
<property name="Pre Condition" value="A valid username and password">
</property>
<property name="Go To" value="Go to: &quot;https://www.saucedemo.com&quot;">
</property>
<property name="InputText" value="Fill &quot;Username:&quot; with the value: &quot;standard_user&quot;">
</property>
<property name="InputPassword" value="Fill &quot;Password&quot; with value: *****">
</property>
<property name="Button" value="Click: &quot;Login&quot;">
</property>
<property name="Assert" value="Check URL Page is equal to: &quot;https://www.saucedemo.com/inventory.html&quot;">
</property>
</properties>
</testcase>
</testsuite>
<testsuite name="Basic/menu.spec.ts" timestamp="2025-02-11T05:38:37.466Z" hostname="desktop-chromium" tests="2" failures="0" skipped="0" time="28.655" errors="0">
<testcase name="Normal user › Should returns user menu" classname="Basic/menu.spec.ts" time="14.726">
<properties>
<property name="Description" value="Login to effiziente demo with a normal user, the user will see the menu for normal users">
</property>
<property name="Pre Condition" value="A valid normal user">
</property>
<property name="Go To" value="Go to: &quot;https://effizientedemo.azurewebsites.net/AccountsReceivable/dashboard&quot;">
</property>
<property name="PrimeFacesMenu" value="Get top menus">
</property>
<property name="Assert" value="Menu are equal to: &quot;AccountsReceivable,Config&quot;">
</property>
</properties>
</testcase>
<testcase name="Admin user › Should returns admin menu" classname="Basic/menu.spec.ts" time="13.929">
<properties>
<property name="Description" value="Login to effiziente demo with a admin user, the user will see the menu for admin users">
</property>
<property name="Pre Condition" value="A valid admin user">
</property>
<property name="Go To" value="Go to: &quot;https://effizientedemo.azurewebsites.net/AccountsReceivable/dashboard&quot;">
</property>
<property name="PrimeFacesMenu" value="Get top menus">
</property>
<property name="Assert" value="Menu are equal to: &quot;AccountsReceivable,Security,Config&quot;">
</property>
</properties>
</testcase>
</testsuite>
<testsuite name="Basic/parameterized.spec.ts" timestamp="2025-02-11T05:38:37.466Z" hostname="desktop-chromium" tests="2" failures="0" skipped="0" time="1.577" errors="0">
<testcase name="Login with Parameters › Login with &quot;standard_user&quot; from parameters will load inventory page" classname="Basic/parameterized.spec.ts" time="0.798">
<properties>
<property name="Description" value="Login with valid user on Sauce Demo">
</property>
<property name="Pre Condition" value="A valid username and password">
</property>
<property name="Go To" value="Go to: &quot;https://www.saucedemo.com&quot;">
</property>
<property name="InputText" value="Fill &quot;Username:&quot; with the value: &quot;standard_user&quot;">
</property>
<property name="InputPassword" value="Fill &quot;Password&quot; with value: *****">
</property>
<property name="Button" value="Click: &quot;Login&quot;">
</property>
<property name="Assert" value="Check URL Page is equal to: https://www.saucedemo.com/inventory.html&quot;">
</property>
</properties>
</testcase>
<testcase name="Login with Parameters › Login with &quot;visual_user&quot; from parameters will load inventory page" classname="Basic/parameterized.spec.ts" time="0.779">
<properties>
<property name="Description" value="Login with valid user on Sauce Demo">
</property>
<property name="Pre Condition" value="A valid username and password">
</property>
<property name="Go To" value="Go to: &quot;https://www.saucedemo.com&quot;">
</property>
<property name="InputText" value="Fill &quot;Username:&quot; with the value: &quot;visual_user&quot;">
</property>
<property name="InputPassword" value="Fill &quot;Password&quot; with value: *****">
</property>
<property name="Button" value="Click: &quot;Login&quot;">
</property>
<property name="Assert" value="Check URL Page is equal to: https://www.saucedemo.com/inventory.html&quot;">
</property>
</properties>
</testcase>
</testsuite>
<testsuite name="Excel/exportServers.spec.ts" timestamp="2025-02-11T05:38:37.466Z" hostname="desktop-chromium" tests="1" failures="0" skipped="0" time="2.335" errors="0">
<testcase name="Servers › Should export servers to excel" classname="Excel/exportServers.spec.ts" time="2.335">
<properties>
<property name="Go To" value="Go to the servers page: &quot;https://effizientedemo.azurewebsites.net/Security/servers&apos;&quot;">
</property>
<property name="ButtonExcel" value="Click: &quot;Export to Excel&quot;">
</property>
<property name="Assert" value="The excel file rows are equal to the grid rows">
</property>
</properties>
<system-out>
<![CDATA[
[[ATTACHMENT|../test-results/Excel-exportServers-Servers-Should-export-servers-to-excel-desktop-chromium/attachments/servers-xlsx-b45414d1440b649c23868d9b19e0f22e5f012826.xlsx]]
]]>
</system-out>
</testcase>
</testsuite>
<testsuite name="Fixture-LambdaTest/loginLambdaTestFixture.spec.ts" timestamp="2025-02-11T05:38:37.466Z" hostname="desktop-chromium" tests="1" failures="0" skipped="0" time="0.592" errors="0">
<testcase name="Login › Login with valid user load inventory page" classname="Fixture-LambdaTest/loginLambdaTestFixture.spec.ts" time="0.592">
<properties>
<property name="Go To" value="Go to: &quot;https://www.saucedemo.com&quot;">
</property>
<property name="InputText" value="Fill &quot;Username:&quot; with the value: &quot;standard_user&quot;">
</property>
<property name="InputPassword" value="Fill &quot;Password&quot; with value: *****">
</property>
<property name="Button" value="Click: &quot;Login&quot;">
</property>
<property name="Assert" value="Check URL Page equal to: &quot;https://www.saucedemo.com/inventory.html">
</property>
</properties>
</testcase>
</testsuite>
<testsuite name="LocaleGeo/bingMaps.spec.ts" timestamp="2025-02-11T05:38:37.466Z" hostname="desktop-chromium" tests="1" failures="0" skipped="0" time="5.013" errors="0">
<testcase name="Geo Location Test › The bing maps is located to munich" classname="LocaleGeo/bingMaps.spec.ts" time="5.013">
<properties>
<property name="Go To" value="Go to: &quot;https://www.bing.com/maps&quot;">
</property>
<property name="Button" value="Click: &quot;Locate me&quot;">
</property>
<property name="Button" value="Check if the button is visible">
</property>
<property name="Button" value="Click: &quot;Expand/Collapse Geochain&quot;">
</property>
<property name="Assert" value="Geo name is equal to: &quot;GermanyBavariaMunich (District)&quot;">
</property>
</properties>
</testcase>
</testsuite>
<testsuite name="LocaleGeo/searchLocale.spec.ts" timestamp="2025-02-11T05:38:37.466Z" hostname="desktop-chromium" tests="1" failures="0" skipped="0" time="1.59" errors="0">
<testcase name="Locale translations › Should display correct translations for specified locale and timezone" classname="LocaleGeo/searchLocale.spec.ts" time="1.59">
<properties>
<property name="Go To" value="Go to: &quot;https://www.google.com&quot;">
</property>
<property name="Assert" value="Search button text is equal to: &quot;Buscar con Google&quot;">
</property>
</properties>
</testcase>
</testsuite>
<testsuite name="Synthetic/login.spec.ts" timestamp="2025-02-11T05:38:37.466Z" hostname="desktop-chromium" tests="1" failures="0" skipped="0" time="3.325" errors="0">
<testcase name="Synthetic login testing › Should show dashboard" classname="Synthetic/login.spec.ts" time="3.325">
</testcase>
</testsuite>
<testsuite name="Synthetic/menu.spec.ts" timestamp="2025-02-11T05:38:37.466Z" hostname="desktop-chromium" tests="1" failures="0" skipped="0" time="3.359" errors="0">
<testcase name="Synthetic testing › Should show dashboard" classname="Synthetic/menu.spec.ts" time="3.359">
<properties>
<property name="Navigation" value="Go to: &quot;https://effizientedemo.azurewebsites.net&quot;">
</property>
</properties>
</testcase>
</testsuite>
<testsuite name="VisualTesting/dashboard.spec.ts" timestamp="2025-02-11T05:38:37.466Z" hostname="desktop-chromium" tests="1" failures="0" skipped="0" time="2.742" errors="0">
<testcase name="Check Dashboard › Should show dashboard" classname="VisualTesting/dashboard.spec.ts" time="2.742">
<properties>
<property name="Mock" value="Modify the summary with fixed data">
</property>
<property name="Mock" value="Modify the &quot;Sumary Expiration&quot; with fixed data">
</property>
<property name="Mock" value="Modify the &quot;Top 5 delay&quot; with fixed data">
</property>
<property name="Mock" value="Modify the &quot;Top 5 total&quot; with fixed data">
</property>
<property name="Mock" value="Modify the &quot;Top 5 type&quot; with fixed data">
</property>
<property name="Mock" value="Modify the &quot;Top 10 Limit 1&quot; with fixed data">
</property>
<property name="Mock" value="Modify the &quot;Top 10 Limit 2&quot; with fixed data">
</property>
<property name="Mock" value="Modify the &quot;Top 10 Limit 3&quot; with fixed data">
</property>
<property name="Mock" value="Modify the &quot;Top 10 To Expire&quot; with fixed data">
</property>
<property name="Go To" value="Go to: &quot;https://effizientedemo.azurewebsites.net/AccountsReceivable/dashboard&quot;">
</property>
<property name="Go To" value="Wait to charts are visible">
</property>
<property name="Step" value="Compare snapshot: dashboard.png with maxDiffPixelsRatio: 0.1">
</property>
</properties>
</testcase>
</testsuite>
<testsuite name="AI/login.spec.ts" timestamp="2025-02-11T05:38:37.466Z" hostname="desktop-firefox" tests="1" failures="0" skipped="1" time="1.068" errors="0">
<testcase name="AI Zero Step › Should show dashboard after login" classname="AI/login.spec.ts" time="1.068">
<properties>
<property name="skip" value="Zero Steps only works in chromium">
</property>
</properties>
<skipped>
</skipped>
</testcase>
</testsuite>
<testsuite name="Api/addToCart.spec.ts" timestamp="2025-02-11T05:38:37.466Z" hostname="desktop-firefox" tests="1" failures="0" skipped="0" time="31.331" errors="0">
<testcase name="WebdriverIO Shop › Should add an item to the cart" classname="Api/addToCart.spec.ts" time="31.331">
<properties>
<property name="Go To" value="Go to: &quot;https://shop.webdriver.io&quot;">
</property>
<property name="Link" value="Click: &quot;Shop All&quot;">
</property>
<property name="Step" value="Click in the product: &quot;WebdriverIO T-Shirt - Box Logo Tee&quot;">
</property>
<property name="Select" value="On &quot;Color&quot; select any option">
</property>
<property name="Select" value="On &quot;Color&quot; select the option Black">
</property>
<property name="Step" value="Select any available Size">
</property>
<property name="Select" value="On &quot;Size&quot; select any option">
</property>
<property name="Select" value="On &quot;Size&quot; select the option 2XL">
</property>
<property name="Step" value="Get the product price">
</property>
<property name="Button" value="Click: &quot; 
		Add to Cart
		 
	$25.00
&quot;">
</property>
<property name="Assert" value="There is one item in the bag">
</property>
<property name="Button" value="Click: &quot;
 
				1
			 
				items
			&quot;">
</property>
<property name="Assert" value="The name of the item in the cart is: &quot;WebdriverIO T-Shirt - Box Logo Tee&quot;">
</property>
<property name="Assert" value="The price of the item in the cart is: &quot;$25.00&quot;">
</property>
<property name="Assert" value="The subtotal is: &quot;$25.00&quot;">
</property>
</properties>
<system-out>
<![CDATA[
[[ATTACHMENT|../test-results/Api-addToCart-WebdriverIO--609ad-uld-add-an-item-to-the-cart-desktop-firefox/test-failed-1.png]]

[[ATTACHMENT|../test-results/Api-addToCart-WebdriverIO--609ad-uld-add-an-item-to-the-cart-desktop-firefox/video.webm]]

[[ATTACHMENT|../test-results/Api-addToCart-WebdriverIO--609ad-uld-add-an-item-to-the-cart-desktop-firefox/trace.zip]]
]]>
</system-out>
</testcase>
</testsuite>
<testsuite name="Api/servers.spec.ts" timestamp="2025-02-11T05:38:37.466Z" hostname="desktop-firefox" tests="2" failures="0" skipped="0" time="8.585" errors="0">
<testcase name="Servers › Should add a server" classname="Api/servers.spec.ts" time="4.838">
<properties>
<property name="Description" value="An admin user can add a server">
</property>
<property name="Pre Condition" value="A valid admin username and password is logged">
</property>
<property name="Go To" value="Go to the servers page: &quot;https://effizientedemo.azurewebsites.net/Security/servers&apos;&quot;">
</property>
<property name="Post Condition" value="Delete server with the key: &quot;565632&quot; if exists">
</property>
<property name="Button" value="Click: &quot;Add&quot;">
</property>
<property name="InputText" value="Fill &quot;Key:&quot; with the value: &quot;565632&quot;">
</property>
<property name="InputText" value="Fill &quot;Name:&quot; with the value: &quot;Schamberger and Sons&quot;">
</property>
<property name="InputText" value="Fill &quot;Url:&quot; with the value: &quot;https://realistic-allegation.biz/&quot;">
</property>
<property name="Step" value="Save server and return server id from api">
</property>
<property name="Button" value="Click: &quot;Save&quot;">
</property>
<property name="Assert" value="Success message is visible">
</property>
<property name="Assert" value="Server id should be a number greater than 1">
</property>
<property name="Assert" value="Server with the key: &quot;565632&quot; exists in the table">
</property>
<property name="Assert" value="The server name for the key: &quot;565632&quot; is: &quot;Schamberger and Sons&quot;">
</property>
<property name="Assert" value="The server url for the key: &quot;565632&quot; is: &quot;https://realistic-allegation.biz/&quot;">
</property>
<property name="Post Condition" value="Delete the server with API request">
</property>
</properties>
</testcase>
<testcase name="Servers › Should edit a server" classname="Api/servers.spec.ts" time="3.747">
<properties>
<property name="Description" value="An admin user can edit a server">
</property>
<property name="Pre Condition" value="A valid admin username and password is logged">
</property>
<property name="Go To" value="Go to the servers page: &quot;https://effizientedemo.azurewebsites.net/Security/servers&apos;&quot;">
</property>
<property name="Step" value="Create server with API">
</property>
<property name="Go To" value="Go to the servers page: &quot;https://effizientedemo.azurewebsites.net/Security/servers&apos;&quot;">
</property>
<property name="InputText" value="Fill &quot;key:&quot; with the value: &quot;800881&quot;">
</property>
<property name="InputText" value="Fill &quot;Name:&quot; with the value: &quot;Dicki - Dare&quot;">
</property>
<property name="InputText" value="Fill &quot;Url:&quot; with the value: &quot;https://gloomy-citizen.org/&quot;">
</property>
<property name="Button" value="Click: &quot;Save&quot;">
</property>
<property name="Assert" value="Success message is visible">
</property>
<property name="Assert" value="Server with the key: &quot;800881&quot; exists in the table">
</property>
<property name="Assert" value="The server name for the key: &quot;800881&quot; is: &quot;Dicki - Dare&quot;">
</property>
<property name="Assert" value="The server url for the key: &quot;800881&quot; is: &quot;https://gloomy-citizen.org/&quot;">
</property>
<property name="Post Condition" value="Delete the server with API request">
</property>
</properties>
</testcase>
</testsuite>
<testsuite name="Basic/login.spec.ts" timestamp="2025-02-11T05:38:37.466Z" hostname="desktop-firefox" tests="1" failures="0" skipped="0" time="0.867" errors="0">
<testcase name="Login › Login with valid user load inventory page" classname="Basic/login.spec.ts" time="0.867">
<properties>
<property name="Description" value="Login with valid user on sauce demo">
</property>
<property name="Pre Condition" value="A valid username and password">
</property>
<property name="Go To" value="Go to: &quot;https://www.saucedemo.com&quot;">
</property>
<property name="InputText" value="Fill &quot;Username:&quot; with the value: &quot;standard_user&quot;">
</property>
<property name="InputPassword" value="Fill &quot;Password&quot; with value: *****">
</property>
<property name="Button" value="Click: &quot;Login&quot;">
</property>
<property name="Assert" value="Check URL Page is equal to: &quot;https://www.saucedemo.com/inventory.html&quot;">
</property>
</properties>
</testcase>
</testsuite>
<testsuite name="Basic/menu.spec.ts" timestamp="2025-02-11T05:38:37.466Z" hostname="desktop-firefox" tests="2" failures="0" skipped="0" time="5.662" errors="0">
<testcase name="Normal user › Should returns user menu" classname="Basic/menu.spec.ts" time="2.599">
<properties>
<property name="Description" value="Login to effiziente demo with a normal user, the user will see the menu for normal users">
</property>
<property name="Pre Condition" value="A valid normal user">
</property>
<property name="Go To" value="Go to: &quot;https://effizientedemo.azurewebsites.net/AccountsReceivable/dashboard&quot;">
</property>
<property name="PrimeFacesMenu" value="Get top menus">
</property>
<property name="Assert" value="Menu are equal to: &quot;AccountsReceivable,Config&quot;">
</property>
</properties>
</testcase>
<testcase name="Admin user › Should returns admin menu" classname="Basic/menu.spec.ts" time="3.063">
<properties>
<property name="Description" value="Login to effiziente demo with a admin user, the user will see the menu for admin users">
</property>
<property name="Pre Condition" value="A valid admin user">
</property>
<property name="Go To" value="Go to: &quot;https://effizientedemo.azurewebsites.net/AccountsReceivable/dashboard&quot;">
</property>
<property name="PrimeFacesMenu" value="Get top menus">
</property>
<property name="Assert" value="Menu are equal to: &quot;AccountsReceivable,Security,Config&quot;">
</property>
</properties>
</testcase>
</testsuite>
<testsuite name="Basic/parameterized.spec.ts" timestamp="2025-02-11T05:38:37.466Z" hostname="desktop-firefox" tests="2" failures="0" skipped="0" time="2.165" errors="0">
<testcase name="Login with Parameters › Login with &quot;standard_user&quot; from parameters will load inventory page" classname="Basic/parameterized.spec.ts" time="1.022">
<properties>
<property name="Description" value="Login with valid user on Sauce Demo">
</property>
<property name="Pre Condition" value="A valid username and password">
</property>
<property name="Go To" value="Go to: &quot;https://www.saucedemo.com&quot;">
</property>
<property name="InputText" value="Fill &quot;Username:&quot; with the value: &quot;standard_user&quot;">
</property>
<property name="InputPassword" value="Fill &quot;Password&quot; with value: *****">
</property>
<property name="Button" value="Click: &quot;Login&quot;">
</property>
<property name="Assert" value="Check URL Page is equal to: https://www.saucedemo.com/inventory.html&quot;">
</property>
</properties>
</testcase>
<testcase name="Login with Parameters › Login with &quot;visual_user&quot; from parameters will load inventory page" classname="Basic/parameterized.spec.ts" time="1.143">
<properties>
<property name="Description" value="Login with valid user on Sauce Demo">
</property>
<property name="Pre Condition" value="A valid username and password">
</property>
<property name="Go To" value="Go to: &quot;https://www.saucedemo.com&quot;">
</property>
<property name="InputText" value="Fill &quot;Username:&quot; with the value: &quot;visual_user&quot;">
</property>
<property name="InputPassword" value="Fill &quot;Password&quot; with value: *****">
</property>
<property name="Button" value="Click: &quot;Login&quot;">
</property>
<property name="Assert" value="Check URL Page is equal to: https://www.saucedemo.com/inventory.html&quot;">
</property>
</properties>
</testcase>
</testsuite>
<testsuite name="Excel/exportServers.spec.ts" timestamp="2025-02-11T05:38:37.466Z" hostname="desktop-firefox" tests="1" failures="0" skipped="0" time="3.39" errors="0">
<testcase name="Servers › Should export servers to excel" classname="Excel/exportServers.spec.ts" time="3.39">
<properties>
<property name="Go To" value="Go to the servers page: &quot;https://effizientedemo.azurewebsites.net/Security/servers&apos;&quot;">
</property>
<property name="ButtonExcel" value="Click: &quot;Export to Excel&quot;">
</property>
<property name="Assert" value="The excel file rows are equal to the grid rows">
</property>
</properties>
<system-out>
<![CDATA[
[[ATTACHMENT|../test-results/Excel-exportServers-Servers-Should-export-servers-to-excel-desktop-firefox/attachments/servers-xlsx-b45414d1440b649c23868d9b19e0f22e5f012826.xlsx]]
]]>
</system-out>
</testcase>
</testsuite>
<testsuite name="Fixture-LambdaTest/loginLambdaTestFixture.spec.ts" timestamp="2025-02-11T05:38:37.466Z" hostname="desktop-firefox" tests="1" failures="0" skipped="0" time="0.787" errors="0">
<testcase name="Login › Login with valid user load inventory page" classname="Fixture-LambdaTest/loginLambdaTestFixture.spec.ts" time="0.787">
<properties>
<property name="Go To" value="Go to: &quot;https://www.saucedemo.com&quot;">
</property>
<property name="InputText" value="Fill &quot;Username:&quot; with the value: &quot;standard_user&quot;">
</property>
<property name="InputPassword" value="Fill &quot;Password&quot; with value: *****">
</property>
<property name="Button" value="Click: &quot;Login&quot;">
</property>
<property name="Assert" value="Check URL Page equal to: &quot;https://www.saucedemo.com/inventory.html">
</property>
</properties>
</testcase>
</testsuite>
<testsuite name="LocaleGeo/bingMaps.spec.ts" timestamp="2025-02-11T05:38:37.466Z" hostname="desktop-firefox" tests="1" failures="0" skipped="1" time="0.377" errors="0">
<testcase name="Geo Location Test › The bing maps is located to munich" classname="LocaleGeo/bingMaps.spec.ts" time="0.377">
<properties>
<property name="skip" value="Geolocation not work in firefox">
</property>
</properties>
<skipped>
</skipped>
</testcase>
</testsuite>
<testsuite name="LocaleGeo/searchLocale.spec.ts" timestamp="2025-02-11T05:38:37.466Z" hostname="desktop-firefox" tests="1" failures="0" skipped="0" time="1.913" errors="0">
<testcase name="Locale translations › Should display correct translations for specified locale and timezone" classname="LocaleGeo/searchLocale.spec.ts" time="1.913">
<properties>
<property name="Go To" value="Go to: &quot;https://www.google.com&quot;">
</property>
<property name="Assert" value="Search button text is equal to: &quot;Buscar con Google&quot;">
</property>
</properties>
</testcase>
</testsuite>
<testsuite name="Synthetic/login.spec.ts" timestamp="2025-02-11T05:38:37.466Z" hostname="desktop-firefox" tests="1" failures="0" skipped="0" time="3.751" errors="0">
<testcase name="Synthetic login testing › Should show dashboard" classname="Synthetic/login.spec.ts" time="3.751">
</testcase>
</testsuite>
<testsuite name="Synthetic/menu.spec.ts" timestamp="2025-02-11T05:38:37.466Z" hostname="desktop-firefox" tests="1" failures="0" skipped="0" time="5.168" errors="0">
<testcase name="Synthetic testing › Should show dashboard" classname="Synthetic/menu.spec.ts" time="5.168">
<properties>
<property name="Navigation" value="Go to: &quot;https://effizientedemo.azurewebsites.net&quot;">
</property>
</properties>
</testcase>
</testsuite>
<testsuite name="VisualTesting/dashboard.spec.ts" timestamp="2025-02-11T05:38:37.466Z" hostname="desktop-firefox" tests="1" failures="0" skipped="0" time="3.75" errors="0">
<testcase name="Check Dashboard › Should show dashboard" classname="VisualTesting/dashboard.spec.ts" time="3.75">
<properties>
<property name="Mock" value="Modify the summary with fixed data">
</property>
<property name="Mock" value="Modify the &quot;Sumary Expiration&quot; with fixed data">
</property>
<property name="Mock" value="Modify the &quot;Top 5 delay&quot; with fixed data">
</property>
<property name="Mock" value="Modify the &quot;Top 5 total&quot; with fixed data">
</property>
<property name="Mock" value="Modify the &quot;Top 5 type&quot; with fixed data">
</property>
<property name="Mock" value="Modify the &quot;Top 10 Limit 1&quot; with fixed data">
</property>
<property name="Mock" value="Modify the &quot;Top 10 Limit 2&quot; with fixed data">
</property>
<property name="Mock" value="Modify the &quot;Top 10 Limit 3&quot; with fixed data">
</property>
<property name="Mock" value="Modify the &quot;Top 10 To Expire&quot; with fixed data">
</property>
<property name="Go To" value="Go to: &quot;https://effizientedemo.azurewebsites.net/AccountsReceivable/dashboard&quot;">
</property>
<property name="Go To" value="Wait to charts are visible">
</property>
<property name="Step" value="Compare snapshot: dashboard.png with maxDiffPixelsRatio: 0.1">
</property>
</properties>
</testcase>
</testsuite>
<testsuite name="AI/login.spec.ts" timestamp="2025-02-11T05:38:37.466Z" hostname="desktop-webkit" tests="1" failures="0" skipped="1" time="0.556" errors="0">
<testcase name="AI Zero Step › Should show dashboard after login" classname="AI/login.spec.ts" time="0.556">
<properties>
<property name="skip" value="Zero Steps only works in chromium">
</property>
</properties>
<skipped>
</skipped>
</testcase>
</testsuite>
<testsuite name="Api/addToCart.spec.ts" timestamp="2025-02-11T05:38:37.466Z" hostname="desktop-webkit" tests="1" failures="0" skipped="0" time="21.47" errors="0">
<testcase name="WebdriverIO Shop › Should add an item to the cart" classname="Api/addToCart.spec.ts" time="21.47">
<properties>
<property name="Go To" value="Go to: &quot;https://shop.webdriver.io&quot;">
</property>
<property name="Link" value="Click: &quot;Shop All&quot;">
</property>
<property name="Step" value="Click in the product: &quot;WebdriverIO T-Shirt - Code Test Dominate&quot;">
</property>
<property name="Select" value="On &quot;Color&quot; select any option">
</property>
<property name="Select" value="On &quot;Color&quot; select the option Dark Heather Grey">
</property>
<property name="Step" value="Select any available Size">
</property>
<property name="Select" value="On &quot;Size&quot; select any option">
</property>
<property name="Select" value="On &quot;Size&quot; select the option XL">
</property>
<property name="Step" value="Get the product price">
</property>
<property name="Button" value="Click: &quot; 
		Add to Cart
		 
	$35.00
&quot;">
</property>
<property name="Assert" value="There is one item in the bag">
</property>
<property name="Button" value="Click: &quot;
 
				1
			 
				items
			&quot;">
</property>
<property name="Assert" value="The name of the item in the cart is: &quot;WebdriverIO T-Shirt - Code Test Dominate&quot;">
</property>
<property name="Assert" value="The price of the item in the cart is: &quot;$35.00&quot;">
</property>
<property name="Assert" value="The subtotal is: &quot;$35.00&quot;">
</property>
</properties>
</testcase>
</testsuite>
<testsuite name="Api/servers.spec.ts" timestamp="2025-02-11T05:38:37.466Z" hostname="desktop-webkit" tests="2" failures="0" skipped="0" time="13.066" errors="0">
<testcase name="Servers › Should add a server" classname="Api/servers.spec.ts" time="6.523">
<properties>
<property name="Description" value="An admin user can add a server">
</property>
<property name="Pre Condition" value="A valid admin username and password is logged">
</property>
<property name="Go To" value="Go to the servers page: &quot;https://effizientedemo.azurewebsites.net/Security/servers&apos;&quot;">
</property>
<property name="Post Condition" value="Delete server with the key: &quot;208300&quot; if exists">
</property>
<property name="Button" value="Click: &quot;Add&quot;">
</property>
<property name="InputText" value="Fill &quot;Key:&quot; with the value: &quot;208300&quot;">
</property>
<property name="InputText" value="Fill &quot;Name:&quot; with the value: &quot;Wunsch, Yundt and Wintheiser&quot;">
</property>
<property name="InputText" value="Fill &quot;Url:&quot; with the value: &quot;https://well-documented-sock.net&quot;">
</property>
<property name="Step" value="Save server and return server id from api">
</property>
<property name="Button" value="Click: &quot;Save&quot;">
</property>
<property name="Assert" value="Success message is visible">
</property>
<property name="Assert" value="Server id should be a number greater than 1">
</property>
<property name="Assert" value="Server with the key: &quot;208300&quot; exists in the table">
</property>
<property name="Assert" value="The server name for the key: &quot;208300&quot; is: &quot;Wunsch, Yundt and Wintheiser&quot;">
</property>
<property name="Assert" value="The server url for the key: &quot;208300&quot; is: &quot;https://well-documented-sock.net&quot;">
</property>
<property name="Post Condition" value="Delete the server with API request">
</property>
</properties>
</testcase>
<testcase name="Servers › Should edit a server" classname="Api/servers.spec.ts" time="6.543">
<properties>
<property name="Description" value="An admin user can edit a server">
</property>
<property name="Pre Condition" value="A valid admin username and password is logged">
</property>
<property name="Go To" value="Go to the servers page: &quot;https://effizientedemo.azurewebsites.net/Security/servers&apos;&quot;">
</property>
<property name="Step" value="Create server with API">
</property>
<property name="Go To" value="Go to the servers page: &quot;https://effizientedemo.azurewebsites.net/Security/servers&apos;&quot;">
</property>
<property name="InputText" value="Fill &quot;key:&quot; with the value: &quot;122809&quot;">
</property>
<property name="InputText" value="Fill &quot;Name:&quot; with the value: &quot;Hudson, Howell and Walter&quot;">
</property>
<property name="InputText" value="Fill &quot;Url:&quot; with the value: &quot;https://untried-inspection.name/&quot;">
</property>
<property name="Button" value="Click: &quot;Save&quot;">
</property>
<property name="Assert" value="Success message is visible">
</property>
<property name="Assert" value="Server with the key: &quot;122809&quot; exists in the table">
</property>
<property name="Assert" value="The server name for the key: &quot;122809&quot; is: &quot;Hudson, Howell and Walter&quot;">
</property>
<property name="Assert" value="The server url for the key: &quot;122809&quot; is: &quot;https://untried-inspection.name/&quot;">
</property>
<property name="Post Condition" value="Delete the server with API request">
</property>
</properties>
</testcase>
</testsuite>
<testsuite name="Basic/login.spec.ts" timestamp="2025-02-11T05:38:37.466Z" hostname="desktop-webkit" tests="1" failures="0" skipped="0" time="1.8" errors="0">
<testcase name="Login › Login with valid user load inventory page" classname="Basic/login.spec.ts" time="1.8">
<properties>
<property name="Description" value="Login with valid user on sauce demo">
</property>
<property name="Pre Condition" value="A valid username and password">
</property>
<property name="Go To" value="Go to: &quot;https://www.saucedemo.com&quot;">
</property>
<property name="InputText" value="Fill &quot;Username:&quot; with the value: &quot;standard_user&quot;">
</property>
<property name="InputPassword" value="Fill &quot;Password&quot; with value: *****">
</property>
<property name="Button" value="Click: &quot;Login&quot;">
</property>
<property name="Assert" value="Check URL Page is equal to: &quot;https://www.saucedemo.com/inventory.html&quot;">
</property>
</properties>
</testcase>
</testsuite>
<testsuite name="Basic/menu.spec.ts" timestamp="2025-02-11T05:38:37.466Z" hostname="desktop-webkit" tests="2" failures="0" skipped="0" time="9.476" errors="0">
<testcase name="Normal user › Should returns user menu" classname="Basic/menu.spec.ts" time="5.096">
<properties>
<property name="Description" value="Login to effiziente demo with a normal user, the user will see the menu for normal users">
</property>
<property name="Pre Condition" value="A valid normal user">
</property>
<property name="Go To" value="Go to: &quot;https://effizientedemo.azurewebsites.net/AccountsReceivable/dashboard&quot;">
</property>
<property name="PrimeFacesMenu" value="Get top menus">
</property>
<property name="Assert" value="Menu are equal to: &quot;AccountsReceivable,Config&quot;">
</property>
</properties>
</testcase>
<testcase name="Admin user › Should returns admin menu" classname="Basic/menu.spec.ts" time="4.38">
<properties>
<property name="Description" value="Login to effiziente demo with a admin user, the user will see the menu for admin users">
</property>
<property name="Pre Condition" value="A valid admin user">
</property>
<property name="Go To" value="Go to: &quot;https://effizientedemo.azurewebsites.net/AccountsReceivable/dashboard&quot;">
</property>
<property name="PrimeFacesMenu" value="Get top menus">
</property>
<property name="Assert" value="Menu are equal to: &quot;AccountsReceivable,Security,Config&quot;">
</property>
</properties>
</testcase>
</testsuite>
<testsuite name="Basic/parameterized.spec.ts" timestamp="2025-02-11T05:38:37.466Z" hostname="desktop-webkit" tests="2" failures="0" skipped="0" time="3.257" errors="0">
<testcase name="Login with Parameters › Login with &quot;standard_user&quot; from parameters will load inventory page" classname="Basic/parameterized.spec.ts" time="1.459">
<properties>
<property name="Description" value="Login with valid user on Sauce Demo">
</property>
<property name="Pre Condition" value="A valid username and password">
</property>
<property name="Go To" value="Go to: &quot;https://www.saucedemo.com&quot;">
</property>
<property name="InputText" value="Fill &quot;Username:&quot; with the value: &quot;standard_user&quot;">
</property>
<property name="InputPassword" value="Fill &quot;Password&quot; with value: *****">
</property>
<property name="Button" value="Click: &quot;Login&quot;">
</property>
<property name="Assert" value="Check URL Page is equal to: https://www.saucedemo.com/inventory.html&quot;">
</property>
</properties>
</testcase>
<testcase name="Login with Parameters › Login with &quot;visual_user&quot; from parameters will load inventory page" classname="Basic/parameterized.spec.ts" time="1.798">
<properties>
<property name="Description" value="Login with valid user on Sauce Demo">
</property>
<property name="Pre Condition" value="A valid username and password">
</property>
<property name="Go To" value="Go to: &quot;https://www.saucedemo.com&quot;">
</property>
<property name="InputText" value="Fill &quot;Username:&quot; with the value: &quot;visual_user&quot;">
</property>
<property name="InputPassword" value="Fill &quot;Password&quot; with value: *****">
</property>
<property name="Button" value="Click: &quot;Login&quot;">
</property>
<property name="Assert" value="Check URL Page is equal to: https://www.saucedemo.com/inventory.html&quot;">
</property>
</properties>
</testcase>
</testsuite>
<testsuite name="Excel/exportServers.spec.ts" timestamp="2025-02-11T05:38:37.466Z" hostname="desktop-webkit" tests="1" failures="0" skipped="0" time="3.947" errors="0">
<testcase name="Servers › Should export servers to excel" classname="Excel/exportServers.spec.ts" time="3.947">
<properties>
<property name="Go To" value="Go to the servers page: &quot;https://effizientedemo.azurewebsites.net/Security/servers&apos;&quot;">
</property>
<property name="ButtonExcel" value="Click: &quot;Export to Excel&quot;">
</property>
<property name="Assert" value="The excel file rows are equal to the grid rows">
</property>
</properties>
<system-out>
<![CDATA[
[[ATTACHMENT|../test-results/Excel-exportServers-Servers-Should-export-servers-to-excel-desktop-webkit/attachments/servers-xlsx-b45414d1440b649c23868d9b19e0f22e5f012826.xlsx]]
]]>
</system-out>
</testcase>
</testsuite>
<testsuite name="Fixture-LambdaTest/loginLambdaTestFixture.spec.ts" timestamp="2025-02-11T05:38:37.466Z" hostname="desktop-webkit" tests="1" failures="0" skipped="0" time="0.839" errors="0">
<testcase name="Login › Login with valid user load inventory page" classname="Fixture-LambdaTest/loginLambdaTestFixture.spec.ts" time="0.839">
<properties>
<property name="Go To" value="Go to: &quot;https://www.saucedemo.com&quot;">
</property>
<property name="InputText" value="Fill &quot;Username:&quot; with the value: &quot;standard_user&quot;">
</property>
<property name="InputPassword" value="Fill &quot;Password&quot; with value: *****">
</property>
<property name="Button" value="Click: &quot;Login&quot;">
</property>
<property name="Assert" value="Check URL Page equal to: &quot;https://www.saucedemo.com/inventory.html">
</property>
</properties>
</testcase>
</testsuite>
<testsuite name="LocaleGeo/bingMaps.spec.ts" timestamp="2025-02-11T05:38:37.466Z" hostname="desktop-webkit" tests="1" failures="0" skipped="0" time="12.554" errors="0">
<testcase name="Geo Location Test › The bing maps is located to munich" classname="LocaleGeo/bingMaps.spec.ts" time="12.554">
<properties>
<property name="Go To" value="Go to: &quot;https://www.bing.com/maps&quot;">
</property>
<property name="Button" value="Click: &quot;Locate me&quot;">
</property>
<property name="Button" value="Check if the button is visible">
</property>
<property name="Button" value="Click: &quot;Expand/Collapse Geochain&quot;">
</property>
<property name="Assert" value="Geo name is equal to: &quot;GermanyBavariaMunich (District)&quot;">
</property>
</properties>
</testcase>
</testsuite>
<testsuite name="LocaleGeo/searchLocale.spec.ts" timestamp="2025-02-11T05:38:37.466Z" hostname="desktop-webkit" tests="1" failures="0" skipped="0" time="2.005" errors="0">
<testcase name="Locale translations › Should display correct translations for specified locale and timezone" classname="LocaleGeo/searchLocale.spec.ts" time="2.005">
<properties>
<property name="Go To" value="Go to: &quot;https://www.google.com&quot;">
</property>
<property name="Assert" value="Search button text is equal to: &quot;Buscar con Google&quot;">
</property>
</properties>
</testcase>
</testsuite>
<testsuite name="Synthetic/login.spec.ts" timestamp="2025-02-11T05:38:37.466Z" hostname="desktop-webkit" tests="1" failures="0" skipped="0" time="6.823" errors="0">
<testcase name="Synthetic login testing › Should show dashboard" classname="Synthetic/login.spec.ts" time="6.823">
</testcase>
</testsuite>
<testsuite name="Synthetic/menu.spec.ts" timestamp="2025-02-11T05:38:37.466Z" hostname="desktop-webkit" tests="1" failures="0" skipped="0" time="5.771" errors="0">
<testcase name="Synthetic testing › Should show dashboard" classname="Synthetic/menu.spec.ts" time="5.771">
<properties>
<property name="Navigation" value="Go to: &quot;https://effizientedemo.azurewebsites.net&quot;">
</property>
</properties>
</testcase>
</testsuite>
<testsuite name="VisualTesting/dashboard.spec.ts" timestamp="2025-02-11T05:38:37.466Z" hostname="desktop-webkit" tests="1" failures="0" skipped="0" time="6.261" errors="0">
<testcase name="Check Dashboard › Should show dashboard" classname="VisualTesting/dashboard.spec.ts" time="6.261">
<properties>
<property name="Mock" value="Modify the summary with fixed data">
</property>
<property name="Mock" value="Modify the &quot;Sumary Expiration&quot; with fixed data">
</property>
<property name="Mock" value="Modify the &quot;Top 5 delay&quot; with fixed data">
</property>
<property name="Mock" value="Modify the &quot;Top 5 total&quot; with fixed data">
</property>
<property name="Mock" value="Modify the &quot;Top 5 type&quot; with fixed data">
</property>
<property name="Mock" value="Modify the &quot;Top 10 Limit 1&quot; with fixed data">
</property>
<property name="Mock" value="Modify the &quot;Top 10 Limit 2&quot; with fixed data">
</property>
<property name="Mock" value="Modify the &quot;Top 10 Limit 3&quot; with fixed data">
</property>
<property name="Mock" value="Modify the &quot;Top 10 To Expire&quot; with fixed data">
</property>
<property name="Go To" value="Go to: &quot;https://effizientedemo.azurewebsites.net/AccountsReceivable/dashboard&quot;">
</property>
<property name="Go To" value="Wait to charts are visible">
</property>
<property name="Step" value="Compare snapshot: dashboard.png with maxDiffPixelsRatio: 0.1">
</property>
</properties>
</testcase>
</testsuite>
</testsuites>